18 7957 2536 6307 2440 6825 5382 7334 9015 1037 8561 932 2165 5202 7138 8980 5408 7375 7288
24 519 1860 1995 2216 4297 832 8191 2867 5878 7755 5999 4543 1130 4067 8115 1298 2668 4146 1506 5750 7202 948 6999 2953
19 1776 1630 1869 4107 8831 908 4121 9366 4280 7887 4425 5488 324 6616 5362 2847 8939 6113 5176
18 6663 9463 3947 8285 7380 9273 5962 9526 2846 5901 1695 6369 2812 8452 679 1701 7161 1558
16 9679 109 7379 3261 4895 5188 4263 2431 609 9404 8053 7744 1074 6052 707 976
23 5860 7129 5295 7787 761 7245 3205 3624 5305 1042 7551 5796 2980 2124 3303 9590 8423 1482 756 5896 7881 2134 1336
26 8758 1908 2651 2857 9222 6882 5700 9000 3436 3593 4845 6061 3961 5522 4748 6388 2427 3934 526 7539 810 1350 7524 7624 5363 1242
19 6916 1013 3354 9769 8940 9134 7043 5844 1589 3782 8064 9571 2148 6754 2555 2081 625 8011 3207
14 9888 4428 3317 7870 3972 8530 7386 8652 2702 1568 1424 6712 2175 6517
25 2316 5743 6192 780 9314 7759 7411 2314 3155 1193 1598 1656 5801 22 2190 6790 9621 1270 8206 7054 6153 8488 4741 1846 2499
22 2061 7329 697 448 8085 7663 4664 9054 8491 7231 6312 6774 1566 8887 7155 6229 7242 9338 2946 667 807 7904
21 5086 5948 9012 3602 9872 3439 7569 7931 8926 4608 2144 5421 3873 250 7447 2027 9285 7332 7431 597 9359
25 4058 2079 4109 6128 8989 3663 1487 3393 9248 3754 4111 8547 4777 8437 5320 3481 6303 9310 6084 3835 2114 8130 5652 4982 3337
16 4618 5237 5214 2537 2245 2180 6380 6716 4884 3799 7222 3039 5364 276 2430 1452
27 7929 9473 8902 951 4656 2781 5837 9101 8984 8214 5569 9479 6982 1275 2340 1567 4276 227 6938 6568 1347 9885 8501 8861 5604 6637 1708
23 7401 726 2118 935 5853 6422 7216 106 1117 2057 6059 2024 686 9866 9344 5677 9098 1028 5580 3529 2656 5900 5561
16 4855 6849 9806 4404 2041 1910 8118 2665 7729 3086 5264 308 360 7356 7115 9522
15 273 2538 1564 9104 1797 6580 2406 847 2796 2319 7972 8332 5390 4292 6675
27 3444 8020 3068 5626 6446 992 9276 7988 4924 9734 5664 8524 9739 7543 4102 5288 8117 4216 6732 9905 6731 9266 5581 5798 7978 6419 4383
14 8703 9920 7631 5686 7193 9068 7576 6932 1871 5117 414 841 4001 8730
22 117 699 5771 2056 9158 5193 9433 7077 5785 3455 6801 2469 2744 1334 2671 8152 8 3665 8884 3589 6439 5333
16 7913 3325 7816 350 2990 6130 9435 4238 3831 3944 4401 1213 2697 6911 8414 124
24 6695 6658 8224 6634 8795 1079 1745 1942 9268 7949 2504 537 6996 9886 1941 7439 4678 1360 3876 2251 4811 796 8299 1080
12 7040 9052 9845 2856 2235 1557 9138 8667 1709 8750 5520 5059
25 3855 9985 8464 1369 4888 5526 193 3862 8444 10 5004 256 9456 7590 1648 1462 9069 5515 4610 9427 3945 329 4075 9591 6010
24 3371 5358 4630 2425 1963 2464 5576 949 6393 7998 5559 4825 4237 5805 2687 1321 6668 468 3100 5489 349 6955 4320 8235
25 9675 4260 3510 6475 7628 5642 7191 9424 7592 6345 4086 2599 9335 9181 7932 3198 6671 237 5788 5928 8849 4445 6434 8755 7771
15 6198 7230 5636 5732 6526 5241 930 514 4347 8446 6880 6682 5350 8971 773
18 9449 9751 1346 9963 1220 9701 6306 2978 5747 3639 2475 7756 5544 4134 4723 7896 6405 3755
14 4307 9852 2074 2212 3809 345 2822 7563 5455 3093 8898 4047 2225 8942
21 375 6199 1959 5156 8403 91 8970 7145 2645 7091 17 3233 8512 3926 6623 6259 4580 1180 1939 8178 5859
17 1040 8209 9559 7874 9464 3732 6336 1081 6579 3798 7493 6515 1536 4649 5714 3043 4120
20 222 1024 1010 8823 6764 5495 5169 3271 4651 7529 4429 7461 9327 5132 1007 5961 2067 4474 9555 240
16 1005 4706 6296 9109 2178 6719 1864 286 76 6406 7879 4420 5318 5631 7795 5524
18 9550 2654 2415 6106 3992 9919 7708 7292 9572 5203 2666 9040 2302 5813 8308 6 9573 479
14 3555 4885 2657 4733 3220 9202 5866 1109 3867 4496 8253 6795 8131 3569
15 1135 2913 4835 6310 8633 2262 1279 3002 2219 8888 3781 3858 8453 4592 3713
16 3578 5679 8819 433 8049 4512 4762 3059 2932 2002 8180 755 5895 8722 7937 7302
23 5424 8055 7648 5712 3453 6133 2543 5514 6134 7384 3213 1078 1824 3878 9969 8679 6520 3627 5735 6973 6664 3620 8199
14 4894 3608 6387 220 2496 7244 6592 4466 4760 9067 6717 7424 1951 1009
12 920 4546 5748 856 9037 1441 1182 4588 3297 3705 1300 1293
11 9799 2714 4421 8133 7710 3970 4356 7316 6120 2021 4941
13 2559 3758 5540 3921 3789 6896 2320 7187 833 384 7966 2832 2620
23 961 4414 3188 6430 9375 5803 2948 6683 7148 2859 5689 6763 4097 851 4370 5765 3479 7989 5322 1599 3255 2271 3630
19 372 9452 1208 1416 5882 5035 1894 9529 8723 9953 4994 4813 1425 1570 3712 9918 5273 9766 8532
7 7952 9128 3129 4088 4957 1884 1880
13 3654 693 359 9839 6586 573 4288 5972 9223 8541 6994 9354 1569
15 24 7210 1177 7337 5453 3215 2386 1098 6677 174 4157 3838 5666 9638 7024
16 2869 8459 7248 7085 3036 823 843 9837 5462 4654 543 4138 6644 1247 6260 5149
22 8962 7471 7372 956 9743 7232 4595 2954 2467 2468 8624 8074 8153 3881 717 5641 9005 8238 1064 1892 6603 5850
24 4637 6884 730 3375 7092 4021 4063 8996 3750 683 8127 4395 2676 6254 4271 6992 6383 8983 9294 5224 7154 3656 7898 1437
24 4150 6110 2495 6503 7208 8273 9035 7643 2122 501 2438 2596 3266 8258 9865 207 8409 1379 2815 2326 1972 5865 4251 6935
22 6115 2357 1970 8681 6034 380 3609 1166 9221 5472 1743 9725 1183 2572 5153 9857 8269 1849 3637 5047 2773 2840
12 3988 5875 7975 6012 5783 5799 5124 636 6696 8108 8841 3560
10 5885 7704 4848 5957 476 8397 5125 8874 4978 8499
20 541 6740 5425 119 7434 4024 952 1302 2065 7680 4128 1882 9211 5231 6761 3492 770 6242 4156 7058
16 4143 7512 1955 4703 4602 607 2984 7812 352 6103 6883 1307 2099 4339 9569 7105
14 6228 2123 5554 6069 4938 3775 5400 9228 2760 3925 614 5168 8402 8907
20 622 5113 2782 5602 2352 1046 7808 8851 8857 6578 4810 3158 5638 3020 1356 3965 2408 8113 5068 7681
24 1833 3208 3821 3199 1627 1152 709 3099 4236 3079 6810 1217 6612 676 7032 478 1413 367 4181 3923 6294 5854 7189 4095
23 6961 6493 2566 6413 2982 6024 1169 9639 9229 928 4963 2500 7652 416 6355 9203 7083 1813 9371 4554 1677 8185 9661
15 29 1651 5562 7610 386 940 1816 6553 4253 143 3633 2806 8865 1931 4846
13 1664 1874 6839 5092 134 6308 1262 3006 1766 4757 5146 2628 2669
21 55 627 150 8146 3319 6969 5366 2790 6925 2901 4357 7650 6812 7295 2069 38 5613 8982 8606 5504 5588
17 9523 4959 720 5212 9450 4652 9981 8695 9019 3189 6701 1812 6844 7183 3335 6518 4891
14 9216 9996 2539 8554 2570 5428 2771 4503 8968 1129 6212 5819 3313 8638
23 9283 1593 8440 5347 6729 646 3530 4773 912 3377 7939 449 1672 4765 9907 4294 5831 6986 9960 7568 2819 4158 2257
25 4842 7553 3786 5663 1684 7246 4593 5405 8953 4787 5380 613 8954 632 621 4827 2575 919 8267 7836 3327 6481 7604 3244 4116
8 2576 7116 9543 6186 1430 1817 5370 2252
18 4346 2838 3403 9947 7698 5601 9242 120 6197 1061 5272 2521 2259 662 7906 4553 2848 3856
24 1888 6457 128 6550 9171 3802 8378 3434 9089 6140 5268 26 3567 500 8181 6918 785 6723 123 2865 6070 6944 7899 5084
18 734 6558 6765 3193 2756 8438 7486 1451 5648 4609 7478 2080 7051 6147 4490 2845 9329 5266
25 3149 1984 9636 9620 3879 3477 9364 4552 8664 5256 6571 274 7743 3234 8121 5468 2202 1915 6872 8275 8320 1966 2238 1720 1156
12 7119 902 9078 5711 7068 9299 3282 6414 1901 7377 641 4622
25 4214 9137 6450 1186 1465 9538 1355 3124 3451 294 7516 1861 3489 1885 7674 3144 6144 4991 6335 6941 6876 9977 5302 6545 2488
23 7862 1111 8445 5660 1475 1282 9659 6353 3139 4316 8779 3437 5611 3506 3998 5691 7300 8341 7476 4897 5547 304 3884
15 157 2788 5307 4099 2505 462 4117 7414 2063 6891 974 5590 5680 1162 4321
23 2986 8376 8198 9254 3116 7534 52 538 9247 4770 8495 3004 7258 6577 8455 5145 7705 5439 9781 6676 5230 9351 1076
25 297 8586 3541 7554 7442 6601 4713 178 7301 9496 5099 2281 5909 4898 1053 1780 3668 5774 1039 4983 7343 3677 9369 8218 7844
14 1978 8848 248 3614 7071 8496 7767 2266 2689 4337 7985 9577 3110 6127
24 3103 3951 8309 854 9180 115 7903 7267 4443 1065 9194 6827 3401 4341 4110 3695 4707 68 9808 258 2321 9004 1322 9887
26 5341 3138 1267 6985 9923 8228 2362 6098 1466 6235 5389 6326 7260 6332 8362 2757 7238 5759 7775 8908 9280 8313 5055 5630 8084 6768
7 2912 8435 2718 5867 3298 3887 8700
23 3281 4511 9030 977 531 8860 2388 230 412 8470 9955 173 6149 4831 110 418 1575 429 9622 7214 9552 2300 5597
18 5716 2006 9385 8079 4643 4607 1436 9652 9826 8745 2611 3000 8886 915 1427 7146 3346 8648
22 957 6747 409 210 2997 141 7143 6181 6462 4912 7646 2102 7838 6937 3363 1128 3681 6715 9215 8396 7731 242
16 6724 8739 364 9455 3954 6954 3604 7803 5922 6693 1195 4522 4683 3929 2276 3237
24 445 5990 1054 5621 3057 552 1181 9952 4498 9319 3135 3919 1187 8805 4148 5467 7469 1617 4418 8282 1115 998 6869 623
22 3693 2748 332 4658 5751 7746 7513 8864 2402 1071 6262 545 2256 6225 336 9580 5435 5623 7702 6840 7601 8802
8 2020 2026 2690 1252 8071 3224 7391 437
9 8395 8021 6202 9549 6739 5091 6016 5665 8569
21 2008 2436 8207 1580 2686 657 9822 5163 1513 4915 94 521 2466 5707 1216 1680 7991 2456 6931 8740 2650
15 8406 2899 9869 9251 1836 5194 9365 6017 5423 9290 8091 2794 811 4042 2358
21 5598 2512 5025 5182 9164 100 8742 2675 1872 5658 684 139 2615 54 5129 2827 927 2998 3134 8480 748
22 3030 4537 4815 9757 3026 6927 2930 9458 4714 7167 1612 2713 4487 238 2768 1610 4431 9861 762 2540 2724 5884
23 3471 864 4836 9897 4828 2052 8741 6423 5167 3397 4262 335 8757 9032 3581 413 9339 2046 1663 6470 9517 2139 2170
22 7141 5359 482 3585 9002 5287 5045 7829 5998 9298 7266 5734 7802 703 2295 9587 8964 440 2683 8430 2597 2224
26 8102 3196 4867 2896 4035 2585 6407 7693 7271 586 6146 6102 4461 850 5987 6050 373 5797 5871 5131 1419 9971 8082 430 7591 5493
23 8840 6877 3603 266 6398 8259 9156 7176 8661 1889 9518 2701 5873 1157 6889 4189 9446 9876 7537 9558 6748 136 3526
19 585 6735 7086 9680 2635 376 7263 9133 7971 4472 8268 8177 5565 8673 7397 2871 8392 5327 820
14 268 8699 4717 9337 5851 6145 9066 6487 6046 4399 7374 1642 4662 1950
23 4495 5818 5205 6567 7253 5409 461 8945 9881 8502 5527 5475 6478 787 3382 5115 4151 2716 783 7964 9793 234 3507
24 1353 1090 5887 5756 9419 66 3513 6081 2565 4314 2332 3027 9946 9961 7030 2811 1542 4908 4861 8384 9669 9938 5002 7979
4 5406 5034 6879 7206
22 8342 842 5377 3842 6438 2927 3190 4326 1644 9288 3466 196 2535 4997 8107 7706 7868 4465 4996 9241 818 5646
22 5649 2209 2924 2875 4062 8760 2078 1814 1493 7063 3545 2868 1807 6427 4934 8398 1731 2421 2073 4018 1439 1374
24 7640 2791 8784 6392 9116 6584 7135 2128 8801 3432 4486 9292 3052 8247 7598 2282 7997 3653 2725 2460 8724 3012 1395 2487
10 1528 7575 7658 1354 6959 4909 5046 8870 8069 8925
12 583 6752 2780 9804 5674 8804 8303 5825 758 5293 1378 6400
23 2941 8104 5535 6021 8128 6261 2706 6121 4211 1461 8646 3447 5274 8473 8623 5795 8315 504 7390 5296 6750 6288 3927
13 8204 4437 4507 9954 6285 1585 4731 2880 4332 737 9430 7223 7509
13 3025 5572 41 417 4137 6886 2288 8572 898 4127 4103 9326 8012
26 1735 7104 825 3554 1863 422 8806 2453 8987 947 3186 4979 2644 539 6299 7738 2493 3153 4422 3814 1219 7297 9936 4040 3684 8777
15 5304 1192 1744 6508 1881 5410 5749 2554 4197 5874 9396 6257 465 1150 2824
19 4829 4449 6769 7368 2414 9395 6086 8531 827 2801 3177 3600 5469 4162 5446 1306 675 1006 1244
7 741 2736 6521 8001 5398 7472 6934
25 5381 9685 6003 6058 7685 8609 1211 7197 4634 402 6064 1767 6167 4232 2719 6117 8936 6354 4864 7955 1231 8503 5443 5470 6624
23 9979 9246 4665 6645 9199 3532 5995 3211 1123 6622 8628 7137 6289 6337 1434 7919 5609 8685 3460 5248 8647 3679 556
7 8559 400 9805 2573 5174 8850 8013
13 6321 6947 1056 1858 7559 1801 8867 5545 2677 7182 9472 1507 2090
23 3743 945 3991 6710 9190 4645 4278 9553 1980 518 9428 9239 1164 9598 4954 426 7589 9243 3995 8602 3046 2609 8201
10 9581 1734 1218 1628 4450 5550 5211 3341 7713 5037
7 1269 9459 9997 8043 1204 4432 5672
15 6039 2633 7819 2396 333 4322 6759 6887 140 1398 8858 432 5790 7404 7723
20 8520 4648 4502 2132 1647 6705 9710 1250 9964 544 6905 8743 8767 7538 7860 2413 7322 4222 9342 4949
22 3457 5393 8346 4050 2731 4854 6971 9741 9838 4718 8649 2478 4614 4122 158 2071 1517 8454 8943 690 1652 3643
17 8728 9974 5282 4250 7883 4544 7684 1205 9528 4180 7087 5311 1581 3853 9829 6467 2210
24 4687 7451 8040 4558 7174 6222 2374 612 9376 3828 253 5336 2222 7 9126 9772 2734 8369 2730 9025 4185 325 8221 3745
25 3564 9544 5541 950 4205 74 2164 7045 1924 1911 3753 6444 7018 5558 3376 9618 5403 7980 7261 7676 4570 9095 5033 525 7358
24 580 6924 4154 3915 8155 4485 1631 2652 7515 7724 7726 5411 9029 4135 9801 5570 3911 5447 4392 4172 9461 7527 2030 7826
16 6649 5744 5507 5566 4245 1319 750 8389 4563 131 9454 5855 7393 8147 8046 7133
14 61 7846 3017 7444 5103 5989 8880 2970 7577 7748 6465 8120 144 4538
23 4788 8323 3426 5888 6575 1902 8595 189 2910 235 5072 1026 7961 7378 3089 8985 5142 7127 9493 9024 3860 8375 5840
25 5161 3384 8382 2497 5012 6048 896 2076 4497 7837 2054 3811 779 2729 4789 4730 3296 2533 8230 4516 9169 5232 2197 5331 6700
24 6456 3160 7637 4705 2077 102 9165 2377 7805 1299 6104 9783 6116 3521 1707 558 2849 9898 9568 188 70 6364 9331 8885
23 8179 8566 4080 4666 2696 9684 9357 8413 5289 2670 3392 2039 9348 9218 654 2416 8005 2968 9660 3715 831 1003 3820
15 6952 5112 7249 3445 8035 4398 1330 2622 7809 4728 1473 7017 4319 3969 4732
15 7877 2426 3381 7250 6555 5671 5776 390 6045 9711 6073 8098 3588 2038 6828
7 7799 1973 8481 1525 7800 735 9723
10 489 2106 4761 3966 3807 6814 1553 454 8383 4471
14 9207 315 1804 4202 5539 3082 7010 8869 2315 5133 7506 7719 4296 1562
17 8184 8296 7488 8807 754 7220 5259 1516 3568 8729 1388 346 9999 8279 685 5063 4473
27 8420 8449 9874 7312 7190 671 6967 9836 5451 3673 2479 4002 6436 2231 997 4745 668 6841 9728 6330 2574 9601 3652 5647 1953 1092 8100
6 8675 1635 1221 9289 3760 7376
18 6424 7357 8351 7567 5351 8937 1968 5260 3874 1389 6519 918 4746 7853 3707 6219 2010 7632
26 5245 9851 8157 7277 6652 6809 5170 4415 6596 7865 3574 5929 6396 1770 8050 8709 1196 6166 3941 9942 1059 5148 6461 9721 2858 955
26 6160 4223 8835 3938 3420 881 7066 1338 8691 4085 2309 6290 2580 3484 4925 8135 7336 8405 747 3868 1295 7112 7822 5233 3804 664
8 7468 362 6606 3792 5312 392 343 3737
26 1866 7082 6255 1503 9064 169 2473 7762 118 9823 7262 3416 3473 4454 3912 3195 1025 7578 3318 765 7688 4753 5563 4212 1258 49
17 3692 7346 4219 6858 859 963 4478 6091 6787 3118 8924 3488 9585 6365 7533 3289 2307
8 8578 7778 2601 8334 581 5217 5607 9360
11 9121 3217 4671 9599 5048 9129 8726 1261 3812 4955 8738
22 1993 2928 6327 2577 5135 8523 1768 2174 2040 4470 5537 510 6543 5430 9356 860 5207 9301 1377 7011 3402 361
8 3239 5654 6536 9557 2660 2049 9476 2363
23 9901 3170 3866 8419 4409 8188 578 5064 8883 4204 4388 322 2215 3383 8472 4367 6401 265 7905 1301 790 906 1035
24 7911 5510 9744 5291 7278 8272 2680 7754 3977 527 3902 4878 8361 9748 4655 3852 4284 9746 4226 4752 1093 9834 2158 1174
24 9411 9768 9890 9562 152 475 4541 3122 7562 5323 1639 5670 6920 4569 5258 9653 8771 5297 323 822 6914 8612 5157 6766
18 1563 7207 342 2835 4378 5172 3141 5862 1289 3634 5126 3280 9486 9383 9993 1923 953 6890
14 4882 3029 502 35 7438 444 5764 6591 6112 7289 3892 3857 6342 4795
18 5902 5332 4043 7521 9111 7168 1971 5038 9178 289 5833 3113 2138 2286 5280 5415 3021 913
23 7229 5487 5017 483 5107 3993 1613 2095 7234 3997 2874 1810 9983 7935 5184 2311 5416 9892 4022 1683 2961 6595 7753
16 4066 328 7373 1222 3636 9475 2044 7315 377 9160 6730 3251 1140 2463 9350 3626
24 6965 3104 4299 8991 982 4639 6374 7691 6838 893 282 8549 9447 7675 8305 8287 1070 5246 9432 3274 8090 2606 5637 6124
19 610 166 9631 1777 5584 921 2969 6179 1791 1907 8307 4809 1050 5220 9699 5742 9827 8350 4650
22 7318 1689 7430 8614 6402 1453 8485 6868 2244 5778 3682 4333 2510 7487 480 3950 5667 8877 4779 9311 8337 836
16 2429 5060 8254 3840 7492 2482 7041 4300 8585 8126 5780 5342 4641 5334 224 4923
23 6633 6851 5285 2036 330 7916 9263 659 5879 21 8935 547 116 5255 3515 746 5269 2211 6993 6533 7459 2659 954
10 2278 1852 3830 3906 4615 704 5374 249 4942 4469
19 2774 4352 2330 5534 65 6138 4351 1094 8732 205 653 6929 7878 4977 7996 5876 263 2586 6227
25 9020 9191 212 6340 9617 2817 1494 2220 4939 2935 3201 6187 4025 2646 7852 9201 4755 8677 4199 1495 7163 797 1958 78 532
2 2418 1546
18 9291 8629 1527 2167 5690 137 9716 2936 7420 6395 393 3219 3698 7669 8080 8463 2618 7252
16 9626 5856 4349 6352 3537 2852 3952 6238 644 7606 7035 6981 3500 1254 4338 247
23 9187 8073 4029 2105 6213 1862 1101 8686 1051 399 678 4682 6043 6995 5490 9663 4972 7079 6788 3741 8123 4750 2820
21 8509 8792 2881 9511 6538 2776 8597 5579 8800 3499 130 6451 9302 9460 2084 2254 727 9924 5281 7641 495
26 4586 5746 9944 1550 9179 7732 1738 4045 934 4907 808 2621 3428 4136 8061 4684 6001 5633 192 2638 6472 2136 3942 4823 4626 5745
12 4644 3468 1246 5197 2703 9714 8327 9753 1887 8582 3380 1136
25 2327 271 6125 1201 2409 9033 3102 6587 7014 5301 8534 5694 4620 1727 7974 5614 4373 9603 6653 6501 8589 5753 9317 7725 6976
24 4098 2784 8588 6474 7994 7276 2640 4328 2898 9106 8450 1420 8590 863 771 7871 8922 9726 145 2985 7413 9765 1974 5412
6 7227 2759 8923 5661 9770 8377
22 6694 5721 933 6615 6216 3345 1521 9441 7004 37 1832 72 8873 6174 2895 8388 1659 2747 7784 3559 8527 1982
10 219 9595 2649 6703 6023 6251 1376 1722 3618 4783
8 2176 3246 36 2798 7600 3478 2909 8169
6 1815 2963 565 3058 3414 7110
16 3008 3459 6265 3795 2470 9429 1160 1532 890 4821 6974 4460 5921 5898 9760 1545
22 5222 3329 3263 2338 6305 1349 643 4594 536 9368 8460 9709 5950 2255 960 879 3095 2679 4883 8654 9176 2530
7 8271 3202 5653 5476 4799 3883 9931
20 9670 9691 428 7683 1175 4007 8951 7134 8018 2043 3278 1590 8129 125 4036 2336 6370 75 5927 1018
26 2944 3430 1904 2916 1106 4171 6132 6367 2907 5039 692 5032 9978 1502 4936 4640 2562 7074 2490 5685 1234 7026 8363 8526 7089 3084
21 6361 9087 1313 4973 1365 4256 6331 8620 9784 1314 1072 3738 8436 3365 2579 1426 5812 3014 6241 3528 587
11 3321 3774 7774 7181 182 410 3533 4479 5682 5108 2816
12 3647 25 7596 8408 9271 9521 7349 3957 6093 2922 2983 3931
14 8564 1100 4980 290 7464 5053 1478 4230 9168 5494 7586 9673 5244 8002
13 7716 8231 5726 7694 6440 650 3762 2940 9717 8674 5265 1559 6111
5 113 2520 7465 4657 4887
21 6913 8426 4673 8856 8575 2119 4971 7381 1255 4591 8242 4578 1469 7160 2514 3890 4697 1576 6559 1646 2617
23 6607 8713 1276 497 9527 1676 5094 2205 7781 1964 7354 6525 3888 3497 5229 3033 3254 5399 341 7814 4140 722 7851
21 3168 1625 5120 7172 3542 9832 7162 993 9975 2977 8692 6692 4152 2763 3019 4010 4324 1586 8552 8122 888
23 2313 9306 47 5627 9949 2578 7466 8103 9694 4343 1592 5340 6105 8010 1485 1851 6075 3548 4434 1149 6207 1359 1730
23 1724 7319 8410 6076 8610 777 5041 7651 3101 6803 8357 9904 3728 1366 6702 6334 3126 1454 6492 3514 616 6490 966
9 5402 3067 4863 2825 2171 3221 9224 7321 7581
22 6900 8774 3557 8367 3482 9284 1433 7791 5191 1761 4188 4621 1446 6315 5918 1390 9642 7228 9560 9736 936 5555
12 2507 6377 548 4298 3683 8684 6421 3819 926 424 9906 939
17 5343 5500 6836 98 8768 633 4331 2866 882 4509 6195 8205 937 669 3903 9916 1540
26 3667 5698 1223 2992 5678 5228 5082 3770 4441 138 1787 5692 5143 2994 9162 4100 2918 2750 4763 4998 7008 2253 7281 4019 9389 5030
18 554 2915 326 4782 8042 92 8176 6744 9021 6611 8611 4616 4041 8380 7057 5848 3386 195
11 7088 4170 3462 3191 9738 7901 2661 8909 9377 6453 6870
22 8587 3849 435 9341 8101 6832 9482 9810 2959 8576 8476 7848 4187 503 988 3243 6535 8790 1147 828 5857 7917
17 6418 3424 2904 640 751 6346 7555 7122 5141 4305 6546 2185 8008 8690 6507 3562 7173
27 9698 7677 6711 4016 7382 2207 7256 9858 4227 4397 1944 6085 9355 4218 1057 1711 8172 7185 7157 6448 2013 3787 7409 7311 5728 132 3350
22 8698 8277 3512 9042 7785 6247 40 365 8793 5763 3412 4738 1917 6781 593 5773 7489 9 8078 8594 2055 2873
20 6780 8979 5920 8682 922 6026 9262 629 5835 987 9994 2129 6008 4076 2894 7910 7780 4131 6673 7432
15 6767 8715 5516 7662 39 6610 3837 60 3140 5551 9650 4311 8087 2544 6775
16 6044 3891 1640 5668 4587 8504 1263 6013 4105 6041 4453 6743 7192 5975 7733 1948
23 4056 2422 8448 5054 2981 4532 3854 5794 7402 1450 2996 3446 7345 2058 1526 7485 7484 2145 8249 8424 7111 4631 1704
8 2531 4455 5757 8088 8808 5253 3032 5586
17 3410 499 7483 1229 6709 63 9041 9794 7348 299 5051 13 2814 8319 4186 2813 1288
26 5881 2742 9830 9654 9681 85 177 9900 3429 30 7900 2125 5981 6176 5360 6175 6704 162 1916 1764 2223 5669 3304 3256 571 9891
20 1879 2293 3490 9625 2323 1762 6484 2264 5208 9421 7788 9686 3801 5997 351 1077 3400 8044 8331 3456
13 8086 3572 6245 4585 2900 4123 9272 1259 4802 6583 8641 1805 3985
12 8189 4200 7666 4410 3047 5036 2126 2884 2966 3496 2151 6527
23 2828 7428 7255 6818 9819 8671 6698 5899 938 1317 2844 3979 3650 1623 270 7450 6358 259 9123 5931 3724 3825 9417
23 1794 7585 9286 6316 6523 6272 5713 8694 6426 3372 2737 6625 6325 8680 9034 721 1607 2870 5316 5889 1865 5821 971
17 7849 892 8338 4003 611 3366 4930 5809 4301 900 8371 8429 1290 5939 8163 6613 3617
14 394 1674 2973 9483 2182 3322 9336 2157 9387 9811 2227 4725 8154 391
17 6269 1251 6420 5158 1215 6589 1459 816 5911 1649 6777 3353 1124 6497 9261 2195 4483
27 6843 5710 9045 2934 6638 7912 9731 2558 716 1264 3077 9397 6552 8314 5696 6432 7033 5328 5897 7283 9390 1120 6998 5388 4459 8704 1825
23 5027 2523 5090 7323 9492 6647 4944 7221 3476 3547 5976 1786 815 6720 4480 4447 8657 7977 1052 1841 1226 8535 4961
18 7709 6068 168 5892 2754 5952 7150 1539 7065 6830 7418 1373 5270 1498 8356 1021 8683 5254
7 7188 8967 6349 6158 9281 6494 8669
26 1332 8447 5829 830 9182 3721 4034 3785 542 6857 689 4044 9083 1932 7786 8720 8537 6022 8333 1173 7938 8879 1341 2267 9791 3727
18 4475 1530 7446 3114 2751 6372 1151 7670 6524 2792 7204 8441 3180 3780 8897 4057 4716 9488
17 7064 1778 5872 1827 7969 5196 2232 9415 1483 7963 3260 3343 5978 1898 3284 3097 8280
20 8213 2143 1200 9951 3270 6101 8938 5100 1016 3163 9269 1806 4900 3226 5432 7888 251 2032 3631 1277
19 6912 2515 4159 6389 4582 4430 4258 4336 1385 9777 6011 5251 5130 9749 4451 6585 4350 7460 8972
13 8787 6786 7574 9613 8298 7933 8062 979 2557 4038 4093 809 5071
5 3697 1489 9927 5891 3897
16 4536 4084 2112 7692 1565 1725 3909 1891 4899 8917 8143 6014 7541 8215 7053 6834
12 6656 3024 6473 2442 8546 2082 6463 3028 5179 4865 6479 7820
23 1227 6155 3073 1508 8110 3784 826 4249 6806 6726 5587 2189 1796 3413 6314 4362 5190 630 8139 6943 5758 3664 5286
27 7293 3976 4875 8772 6119 6313 5951 2395 1309 2393 4701 7062 5512 5877 5339 551 4081 3357 642 5450 7307 4315 401 8226 1696 1760 9854
25 2324 9412 8434 8348 7118 244 4871 5105 484 5523 4747 4217 6823 2911 5893 8769 5028 7213 4413 9956 296 2329 366 983 7992
26 5971 2335 8915 4020 7034 1281 2979 3203 7048 7872 9800 7462 7298 4323 8565 5257 903 8474 3933 9149 4005 8251 7303 149 6079 4577
25 6662 7117 533 1601 1835 9466 691 7715 5076 1603 8911 8516 8811 6318 2003 5119 3440 9745 6065 8096 5688 9196 9146 1011 9398
23 1447 3176 9633 3566 4764 8151 7456 4653 2630 2722 9816 733 2087 5687 1821 6108 2598 4905 7818 2221 4133 2294 1089
23 3333 9495 9628 1723 8995 907 3623 1393 320 8415 183 3525 1775 5938 1103 8514 4859 4261 3641 6978 2449 2691 4192
15 1194 6749 4115 3370 9761 546 2035 9238 3463 11 8591 3824 4606 9227 5501
15 2296 5466 7102 1634 7284 1706 8114 8891 5077 9850 6433 910 6458 2770 6221
26 9733 6304 9815 6498 8955 348 2797 1943 5567 8159 7594 7763 1534 7510 1486 4579 8461 3642 5940 2392 7739 2474 1544 9614 5463 4108
24 6529 6004 9487 782 3051 8353 374 8827 8339 3556 3267 4992 8969 6376 8354 5546 5843 5013 1808 6015 6246 1602 3959 7304
13 1883 9401 4720 6173 8116 3735 3173 4840 4947 801 1171 3827 7405
22 7455 6239 6409 4396 1474 6946 4113 8494 3308 1591 1236 2016 3503 8900 1793 4174 5003 18 3069 231 3458 7175
22 7711 513 6360 5240 161 4958 6359 1297 4561 866 5139 3078 5852 8427 743 1036 2001 4183 6594 302 4844 3536
14 8965 9231 184 2739 3769 4488 1362 5935 31 2289 7824 1055 8301 1410
27 6794 661 975 8766 5662 1331 4384 5702 6268 1198 8826 2636 9139 4190 7735 5349 1265 340 9399 6278 4812 9676 5599 9637 4962 2752 5461
12 9820 6168 839 9795 5650 292 9394 6593 1470 9056 3595 1000
15 3049 5517 718 8219 4101 8112 867 5610 4916 670 4692 7217 5080 2177 7093
13 3708 8304 1789 9099 8702 5024 5964 8735 7001 5458 8941 710 8022
11 7140 2711 9926 4629 5426 2025 4394 7842 4032 3980 9515
8 8227 712 7801 1084 2312 9635 6191 9380
23 3655 7224 2399 172 7494 4986 5695 6163 8644 6218 2534 5073 9671 2947 760 2149 8754 7514 5236 9600 4286 3994 5542
20 7186 6159 2783 4869 753 5375 3326 967 5959 5210 2341 8903 6137 6811 8234 8975 9719 2310 9507 8119
17 4877 2230 1518 9657 1667 645 9177 8617 4969 8562 7142 6495 2348 7107 3332 8422 7615
11 3546 9503 7876 6856 241 7239 3905 2042 5786 512 9868
8 3245 1697 5699 6000 378 9381 5441 9250
26 2589 4635 6942 3666 3112 595 9070 1476 2246 7021 1345 9183 2721 7839 6990 4771 9453 7241 4545 1086 7950 9797 2623 592 165 9606
15 7810 4467 3292 7106 5326 9788 673 8759 2450 3369 3987 431 321 1705 7371
11 8029 7804 9088 4670 6468 2098 6035 7002 2964 3619 4501
12 9046 9274 4686 3615 3038 8642 97 8186 7006 3894 4646 4023
22 19 8892 9640 665 9477 2217 7595 3165 7081 1069 5373 958 6431 1214 706 9051 9007 176 316 4 1304 3431
15 6654 873 5417 2443 8248 520 5736 446 2353 436 6051 6266 7714 1510 2163
22 6189 2975 7580 6842 7152 8761 969 4224 5154 5391 9079 5738 7056 7634 5276 1848 792 1060 9878 590 5697 3076
19 1414 6741 4048 7630 4919 528 9786 2183 7835 101 3886 2993 7219 8265 1082 1418 5543 925 3871
25 8783 6053 4153 267 7636 5701 9440 1391 9911 1748 7363 7177 600 9367 6284 8639 7324 7821 9540 8216 845 3611 8336 6295 1552
24 3527 8548 284 4291 4139 2011 8164 485 4800 3851 2234 2498 9583 4144 1596 3730 784 3464 2094 7052 5533 6819 6351 1202
24 6502 6455 3066 9512 2551 5622 2270 5608 4358 257 2522 6126 3344 2800 4178 9206 4860 1991 8089 5591 7215 8519 8863 5414
15 9166 3601 655 2261 2600 5422 1232 9604 5914 9554 4950 5827 5378 3063 8994
17 2603 8978 1655 3885 9712 6399 1595 2958 9724 4266 8428 7440 1988 8817 5019 3360 2951
16 4873 9666 7236 9925 2761 1520 2962 7530 4310 6569 7123 2243 9776 6997 8957 5111
21 6139 874 1260 5234 8973 560 4195 4114 5519 4096 1383 4369 6813 7728 226 5549 9840 5204 6782 3928 7467
23 8489 1421 164 7840 871 2108 5915 8288 8901 8212 8693 4335 855 8522 5946 9197 1665 8696 8508 6080 3347 7976 1574
14 5227 6875 3833 4493 7344 4776 7614 4317 4785 535 757 59 4348 7700
14 1838 3461 2717 7924 9321 594 1155 6371 2188 8934 1619 7673 4177 3517
15 8149 3865 199 596 2181 6480 8373 9436 9929 3598 7858 7625 8837 3978 2448
17 8630 7768 9634 1529 5261 8977 9308 6236 7481 1112 5499 8538 3185 472 9334 3204 8712
21 567 4112 1830 3680 1496 6274 2525 9687 1819 278 8270 5568 7201 5078 167 79 3702 2007 5538 2494 6273
23 696 8203 7602 7690 3701 7811 584 8598 3277 8539 4874 3700 1375 2489 2022 1126 9465 9771 6323 8482 7772 1139 7338
15 477 3773 9105 4520 9732 3649 4193 5644 5845 9747 1488 3535 8862 142 452
23 7435 4233 6547 8034 3117 4965 4564 395 2526 5023 4407 8141 9510 7897 2097 3956 1661 7144 7593 3252 7436 9532 7667
19 5218 7792 6718 3783 4914 1886 3290 4327 9641 1790 7659 9103 3613 9431 4946 4708 9995 7199 3367
20 1228 5189 4207 3119 5724 4477 7857 3846 3145 305 8643 5085 1172 1225 6991 7742 3218 1547 5629 9849
10 666 2612 2034 5314 7326 7505 4712 4514 5573 8753
23 1407 4575 4246 5719 8368 3818 9159 3258 1930 6684 8650 6513 6142 6802 7973 2889 8393 911 3612 4820 5508 8171 2890
22 6485 5049 511 3502 2732 3098 1110 4775 550 515 8297 5505 4462 8577 3766 4484 1636 3310 3522 1456 4803 973
20 7864 8370 8536 7668 3493 6618 8687 2769 5804 1772 6539 3387 3081 5828 2064 4886 7496 980 295 8618
18 3147 6297 6821 6970 663 9967 3590 3355 5392 3558 4668 4808 6627 5923 3480 1019 5723 1829
20 3918 965 318 208 9537 7730 6082 9408 5070 2272 6036 6824 2308 9509 1367 9014 635 5376 8778 9690
19 8932 7779 6452 7520 8528 8196 5022 6964 8467 4129 6136 7369 6007 1403 4759 2200 4281 731 2746
11 3249 6164 9586 3936 8663 8386 7603 5147 3749 181 914
23 7687 4935 498 2000 2919 6597 7407 3924 4073 8166 7353 7076 5367 9422 9235 3132 2258 9373 2301 4077 7350 2172 8048
14 4984 6206 419 9071 5344 3210 5247 5444 2376 2322 3279 557 1038 6690
14 1384 4194 4807 7884 6009 4089 1896 1504 8904 153 4970 3813 5513 7264
23 9090 8786 3083 6742 4806 8615 4344 2072 2407 4167 1842 7798 2876 6037 5275 3427 3015 2458 9656 8580 4695 1020 1549
23 3276 2957 4225 846 4318 8876 105 6161 6864 7046 9244 7960 1578 5947 1268 6217 491 5395 56 7649 566 3064 1615
20 2297 7940 4457 5061 8813 2447 4166 3815 7022 2120 8655 7055 9309 8222 8797 4126 8138 447 406 9677
16 1170 9267 9696 656 4659 3958 159 4006 5965 1161 1490 1961 1230 6721 5020 1653
17 9405 9556 7243 8653 8854 4070 7519 8919 8183 637 4927 5057 840 2862 9915 626 2853
15 5615 3291 3999 6655 3161 1691 1484 4967 3971 5937 5058 8770 8847 6185 5438
16 2424 2511 3200 9524 3194 9232 2412 5127 5459 6534 1278 4267 7943 6350 6063 729
14 1637 4184 3632 5779 5371 7736 5056 9257 6968 9940 5449 9990 8921 6390
13 658 1030 2605 1873 9130 4017 5553 229 6845 8137 2203 7825 6667
6 1492 1588 3105 3594 4027 8345
20 5727 4164 1240 4028 8194 3669 4824 3115 6799 239 1854 8845 574 1878 4702 2361 8260 1579 2130 3259
11 3005 5480 1582 7717 3035 3405 1573 4160 9970 2273 8775
18 3409 5890 3411 6903 9135 300 2075 9992 8830 6540 363 6972 5079 8132 9057 1837 6665 7986
13 3294 7347 7734 4468 9312 7031 651 6209 7073 2698 2410 4268 5841
27 7028 8274 9353 3583 6182 617 4605 3793 147 6909 9667 9362 3550 4518 4805 1357 6776 1165 6267 7828 1798 4726 648 2193 8156 9674 5842
23 6404 7927 8803 7686 7209 2673 5310 5465 698 6714 1622 1990 9932 7067 9841 6796 6411 5252 8174 5737 1909 4374 8497
15 190 6756 6338 3022 1693 6643 7745 8245 8960 8492 1956 6384 6789 3850 44
12 3236 368 6249 9119 6549 9115 7473 1694 7947 5460 8433 1107
17 3540 3989 1206 8815 7626 4259 3756 339 5772 8032 4774 6250 2100 1614 398 3120 3087
23 1784 200 1986 4940 4744 516 215 202 9085 4489 356 217 2688 7360 2226 6214 5673 5096 6032 6322 9700 2595 3711
20 6745 3338 254 6416 9219 1501 9470 3553 5195 8927 7908 8733 764 9391 7251 16 5817 3791 3975 7918
24 1512 4910 5777 2967 3433 5437 3790 8918 4669 9043 3011 6975 5729 6758 5346 5784 7452 5617 7611 8581 5988 1643 1249 7696
23 2233 530 9382 3398 7682 5279 4302 7712 8063 3 9384 7047 8668 4822 4306 5800 7279 2878 9340 421 5760 2839 2269
20 9935 5006 135 4405 7364 1443 3469 9322 3877 1976 4210 4500 6792 7664 6614 8959 4790 4091 8054 4203
21 2166 277 3717 1685 225 7096 6279 7873 1561 2933 1920 2685 4817 8417 4304 5775 9048 4506 994 5606 8818
24 7114 608 9297 1102 7535 3146 2229 3772 3182 6366 1402 6629 2892 7330 6564 4142 2807 7290 2161 469 9499 1137 2389 7623
22 7612 9320 439 5477 6966 772 4270 2893 3534 6798 9506 7388 3670 8365 3048 6489 8364 899 7618 7565 8718 160
22 7108 2110 319 3070 2808 6047 6083 3406 8360 5525 9966 6040 5338 3922 7039 901 4841 5150 5474 9097 1822 9448
17 8557 4255 7737 5511 7211 4555 2394 1523 23 8144 2391 3250 1969 4049 4951 9131 8217
25 2738 5369 7000 1460 9118 8037 9561 7793 1012 3356 77 6204 8060 5966 3659 496 7607 9094 2472 9260 7136 1983 163 5618 1726
23 9649 4833 4920 6984 9497 7558 6850 216 7417 7124 7400 3771 1577 725 2588 5822 9154 9646 3264 778 638 9531 9759
20 789 9011 6563 6078 4371 3622 8956 509 7392 3328 2614 9225 7340 50 420 5936 4598 6797 7981 766
21 8458 457 2382 2060 3435 3759 649 4031 9720 4892 7627 4547 7720 5807 7970 9016 2743 6300 7813 5294 6060
17 8484 1002 3722 2805 3152 2991 2772 8944 564 861 2446 6193 7044 4901 8211 8517 464
15 7156 3910 3875 1792 2799 9209 8719 4527 8418 427 3184 3836 298 6170 8443
23 1609 2626 69 9018 8421 8882 775 7679 1431 5379 9939 1351 2403 2699 6632 8558 2795 8195 6148 82 1210 3505 4239
10 817 1142 615 8192 8619 9608 9589 1962 5720 7036
7 1605 7355 943 1087 6919 4124 3275
20 1323 5089 3816 4376 4704 46 1583 3465 8244 8289 5919 4672 9692 9596 5659 8607 2280 3984 7766 2627
13 3197 6804 3050 3616 1381 4492 8762 488 7834 7758 9172 2169 868
23 8290 2147 7226 5503 9410 5557 7361 6800 9300 6619 5532 7718 42 6324 1243 3889 3932 4556 7869 4149 3688 3723 5916
10 9402 9316 4830 2741 5457 1429 6562 1626 8019 7566
24 6150 2198 9575 2333 986 9564 7309 3228 281 9141 4125 776 7944 2785 1358 4612 2705 4721 2529 1935 6576 3305 3662 6770
21 8024 7314 8637 1272 4065 2693 9534 1753 2793 8525 5832 6095 5454 8894 148 2767 6118 3107 3586 1624 2029
20 1438 9627 3544 1491 2952 7203 9846 8263 3843 9438 7866 6375 2268 6522 7285 7661 1925 5820 3899 9910
13 7287 1363 7572 5620 146 6989 3373 9566 2568 15 7909 6152 5175
4 3257 4196 3739 2591
16 8711 6910 3449 5102 2204 6131 9323 3834 3034 1404 2624 3388 1327 9937 8947 8905
22 7993 8574 4482 895 6762 5910 2938 9998 4993 3142 2672 9096 781 466 7776 1144 1952 2196 8622 1001 9304 8321
16 6135 9602 7867 9345 8236 1733 8094 1700 6746 2513 1771 7178 916 9275 4736 3523
19 7198 7406 6922 4141 7847 1537 425 8229 7120 9155 8545 232 1682 723 9672 2070 9451 1088 1905
8 5991 7671 8240 4968 4976 7410 2658 7855
22 5387 2642 989 2639 1913 3949 7984 8401 280 3127 5556 6298 4191 7892 1877 7833 8352 9792 4531 794 7783 2334
23 9406 8328 7557 381 5263 5043 8324 3531 2121 1934 3610 5442 9498 964 8039 8469 3552 6477 4242 7968 327 7100 2704
22 3579 1121 4285 4613 7922 9576 2355 8506 8023 3474 8540 8881 1533 4719 7511 1085 2643 7395 1095 7151 1472 2851
15 1113 4661 6029 6425 4953 9842 7425 3930 1716 6114 6679 9740 5471 2208 8744
25 3651 4624 1233 3740 4990 1062 1779 7843 4734 4711 4851 279 2956 2950 8689 9945 5761 1895 7317 705 314 4611 4295 9644 5144
13 8302 3334 8868 2250 9457 9346 6107 4691 6151 6917 3286 5571 2625
13 3358 6154 6878 7038 9008 1739 7268 6177 3718 7789 5225 8543 5456
9 4583 9282 5955 5917 942 2745 9912 3845 492
11 8736 5954 1500 2663 8379 9948 7169 7370 6190 5575 8036
15 9864 5815 353 4147 275 9778 1337 2213 3016 7653 1828 2371 7306 9551 835
26 7891 9144 6454 5187 6537 8737 1859 1710 8746 4550 83 9023 1471 9727 1291 9835 1033 2872 5321 8124 7540 221 1014 2610 9193 1131
22 1406 7546 4826 8791 354 4366 4819 2383 8916 1308 2854 1253 3336 1554 1274 4600 8223 6291 383 9259 8490 3223
7 7948 9210 5973 2864 5029 2755 6505
9 5808 245 9349 2486 6853 9545 4013 8210 4243
15 3596 206 1994 7934 572 7477 8243 4699 5792 5074 5201 4523 4572 3209 7621
13 5213 8832 4064 3565 4481 9044 389 7951 4904 4911 5944 2818 1212
14 7889 6669 6220 6356 5267 6956 2753 6962 7727 2373 6226 4082 7003 5886
15 4387 481 1326 8796 8173 2368 4528 4463 3983 2277 5592 170 4145 7441 4393
15 7020 5996 4011 8853 4391 1158 4896 791 8391 5977 7131 9860 3880 1134 2318
17 9347 9965 9485 1755 8529 7642 4838 1442 562 1658 6979 1141 8374 1318 8710 9536 4729
12 3311 9813 9252 8821 2155 9662 3309 4814 9875 4269 5731 3288
26 7398 2681 2518 849 559 3315 4244 4456 8007 9722 5309 7582 4694 2485 7752 7893 5118 7954 5429 3349 1287 6258 8567 471 1091 8232
11 3826 6410 5303 2999 1324 1023 4427 9443 5791 5407 3870
23 8262 3368 601 7579 7019 2045 3896 8182 8105 8291 5249 3045 2632 28 2553 4240 4229 8999 2594 9120 7751 3408 1083
8 739 209 1399 9609 749 3690 9117 8789
17 1803 2184 1368 2694 2062 3010 6928 2283 3096 3094 1759 2564 2593 962 2664 4277 1207
9 4781 9469 8816 2140 8306 6441 4987 9796 1929
9 5858 1524 3605 507 4403 9062 883 8814 1339
23 1372 6200 9735 5830 553 865 6223 724 4688 6940 7265 3214 2590 4945 8349 7518 9426 4061 4054 8404 9214 5122 6687
13 1773 2401 1843 4411 9750 8666 2423 86 3518 1758 5953 2117 1662
7 3640 3779 306 2502 1823 6271 4241
23 8425 9255 3108 1729 2937 9889 156 6582 2104 3776 6339 5956 9363 2378 4015 3720 4161 111 1641 2786 1826 805 1732
12 2942 5983 9922 9668 3080 3378 9818 7335 1718 2441 2897 1740
14 8158 3362 9533 6429 9050 3125 4599 7437 5065 2833 1148 2608 4929 5110
14 5491 4794 7196 9763 9525 555 5521 3128 2843 7831 4446 759 9374 7049
15 3990 3092 802 6771 6357 4709 5021 1840 8688 8974 4312 9480 1371 9170 8727
10 4693 442 5816 233 2284 1167 1890 9756 3803 9520
8 7325 5531 6311 3687 2926 1343 2508 2563
22 3575 8573 4228 2059 6280 9570 5014 4638 897 8799 8627 3661 1870 8656 9423 6860 6626 3504 2629 602 1633 8895
20 4208 6208 2787 6648 5838 1048 5709 2359 6561 7550 5200 603 191 7859 2836 2337 6210 20 8556 4922
17 7180 493 57 32 9610 4786 7113 3570 5262 3212 2017 4597 6560 5223 804 3872 3638
25 3148 6951 9705 506 3054 708 4274 3421 9882 8550 126 1519 5722 8583 3001 8466 8756 4596 4743 3003 4540 5361 9616 6500 1153
23 6123 2455 95 1386 8187 2033 8190 7503 6386 8988 1747 2960 742 9437 4581 9125 8658 4551 1938 2592 8372 6650 5010
23 7320 7638 8521 8093 9065 9972 4636 9624 8705 1154 6948 4754 2419 4381 3864 197 2914 8168 1312 3863 795 3359 7617
16 6329 3396 2305 9871 5656 529 767 872 788 9703 5942 3417 2152 8106 8057 5173
12 2641 8462 1997 6293 5298 2541 3071 8142 1408 3543 2019 2509
