23 84 1227 9401 7243 6141 2105 6805 3373 7234 130 9362 194 5143 5976 2213 589 7265 9957 6860 5677 7242 3934 1653
17 88 7293 6239 3200 1102 1733 5238 3623 6865 7614 7967 4012 8976 4682 7326 904 2486
19 187 2324 513 3632 2442 2900 3364 3675 1947 2977 3757 693 5314 9919 3766 6130 7419 2922 2487
15 303 5971 661 6338 984 4595 1143 106 7564 5211 5297 2063 9643 7899 2873
17 474 6662 6168 3105 5012 751 4503 1521 7176 9303 5040 3174 4106 3551 1358 4919 2430
14 568 1447 5517 2881 5779 1474 9159 2866 5770 8109 1619 594 1976 3897
12 677 3333 2711 1240 3036 529 2979 9284 6161 6190 3536 8532
14 719 6956 3430 3083 5627 161 1444 7466 3941 9379 736 6522 5778 3525
19 1066 1194 7224 3411 7686 2480 1169 7769 1429 3210 6511 2438 5207 3011 201 420 2371 226 532
15 1178 6529 6159 318 7382 531 3506 6040 3499 746 4669 2024 4460 4925 3000
19 1209 2296 2230 1206 8682 4643 4256 1644 8987 7680 8819 5556 8400 8649 243 5506 7408 8885 5266
21 1315 9733 9503 1986 7579 942 4958 4328 523 1791 893 4248 9378 7944 1094 7352 1670 470 6988 3528 7348
8 1335 1883 1697 9382 1797 2776 1880 8895
24 1515 7455 4635 5777 8079 3778 5579 4270 2164 6103 1464 9330 11 2268 5292 5350 1743 5217 3128 8041 625 3911 8818 4841
14 1543 7711 4467 3717 2731 4764 7860 969 6727 8857 2491 685 4218 1107
13 1560 8965 6741 4064 7932 9375 8723 8809 7305 2218 4457 4553 2148
9 1757 6794 7804 2518 1977 5344 3609 5176 9250
22 1992 9820 9274 9297 6575 6809 9846 7629 1338 6596 8481 4711 5911 7879 4805 1235 7914 9415 7797 6286 7600 5842
13 2135 3049 8892 439 32 8306 7745 6962 7618 7565 366 7100 1740
15 2356 3708 2975 7000 4658 1686 4371 4527 8418 6391 3977 8138 4188 2876 4650
10 2432 7140 873 69 711 7516 2187 1394 7321 7581
10 2519 8227 1588 2425 58 4541 4971 953 8775 840
22 2571 3655 6053 8803 5234 881 1511 8981 5123 3476 4014 9361 695 5016 7743 809 6945 3917 5468 6611 6766 2704
25 2695 7186 8548 3875 7174 225 6698 6832 6930 4224 6253 1396 688 8475 1714 1080 8476 6754 735 2616 7596 2540 1483 1708 3069
21 2920 4877 6455 3816 7190 9617 1182 7576 4653 3673 9300 6463 4543 7819 7603 1351 4684 2895 8305 9398 7950
25 2949 3546 3601 3050 3420 4171 5701 5899 8820 5878 8918 3672 5442 9136 744 1050 7735 548 3777 7447 1548 3171 9615 1928 747
22 3156 3245 8978 7867 3453 9537 9570 2453 599 7726 9994 2129 3293 2205 8958 4647 4468 3943 9059 6295 706 60
22 3253 2589 9666 4830 2577 3477 1422 5310 2043 7894 2923 8105 8844 520 8549 644 8495 6588 3318 2469 1858 9794
23 3580 7810 874 3544 1634 5287 775 949 4714 4561 2601 724 6462 3018 6785 7018 4280 7124 2733 2872 4350 7460 9443
21 3629 8029 1421 6922 3583 9761 6066 6331 3044 4768 484 1591 4851 7084 8621 4950 4674 635 6388 9399 1577
12 3696 9046 3752 2740 6855 5830 5374 8058 4498 7702 4212 9533
15 3869 19 6875 3739 6356 6480 177 9408 4147 6772 6778 8136 7990 2936 9931
11 4008 6654 3461 4011 125 552 6744 5302 936 3902 3275
16 4078 6189 3865 7557 4656 1319 3439 521 2565 1787 8598 6447 4237 5098 9448 5149
22 4094 1414 7768 4285 8059 8259 2320 9133 4244 4802 8960 8492 8143 2506 256 7667 2472 9260 4176 807 1691 9196
14 4309 8783 4112 6029 1430 9576 3451 9272 7691 7793 4426 8605 6995 8499
18 4377 3527 8203 9349 8796 6196 7746 4699 5221 387 8366 6406 4312 2189 2592 6990 3081 3711
19 4435 6502 3773 4826 4396 7203 4744 7488 7724 3278 2938 974 6488 4590 4368 7106 1847 4945 8900
12 4525 9166 4233 1994 9179 1587 7344 1101 138 1198 1715 1339
28 4839 2603 7792 5955 6739 1324 3326 7837 9238 8691 8150 561 3154 7807 728 3053 1629 4323 6308 6608 116 198 4573 2727 4151 3020 6285 144
12 5018 4873 5189 9252 4297 1902 3315 1164 4765 2040 4453 3341
16 5299 6139 4575 9485 3542 3802 8378 459 9729 808 5306 5658 5880 122 8833 1000
18 5335 8489 5049 1326 381 660 4400 2072 4907 1709 1810 9983 3137 5730 9355 2231 2142 5071
20 5440 5227 8370 601 3537 5690 6062 4552 7207 2893 4472 2722 748 5261 8811 7340 5258 4082 5109 4492
22 5868 1838 965 1843 1684 7364 156 3622 3754 8159 1871 9479 7547 9498 2868 8881 2643 7395 5355 1648 4737 3324
19 5970 8149 7779 3108 4291 3691 9481 7599 121 3782 2804 5940 1308 5216 7583 1611 2752 6687 5037
20 6002 8630 6164 615 1627 8191 2368 9424 2122 7045 1861 6452 7520 3323 1216 3330 5401 4678 4961 2521
18 6031 567 4194 6719 7883 294 2291 967 2547 6681 1448 8764 1468 8931 3920 6637 5633 8349
14 6252 696 2957 6306 2978 5747 3639 2475 6178 5667 4357 1435 1322 3698
14 6403 5557 9556 8816 152 322 2527 7187 509 959 7991 3256 5575 8887
22 6412 477 4935 1233 7685 8671 8737 8542 1364 4832 2513 1681 2959 34 2955 8325 7076 5739 8478 8340 2664 5592
19 6466 7435 6206 933 4245 1215 9561 7275 4113 1639 9513 8261 2116 6366 8750 6442 2099 3431 8684
15 6670 5218 9267 7196 9018 1146 8860 6701 1166 5073 2595 1982 7405 3713 8674
14 6783 1228 3291 95 9190 6009 9263 9027 6904 6114 2125 2144 5274 7160
12 7013 3159 4164 2440 9064 4599 3062 9438 4019 274 9955 3237
16 7109 3740 2511 8521 2250 7901 1907 6094 3342 1032 4931 776 103 8061 4122 2363
17 7399 666 1030 1997 1292 9710 709 4278 5219 4210 8027 1420 5831 4032 1486 2615 9099
16 7463 1407 4184 4228 2470 9199 6784 6098 8373 5569 9734 7205 689 3699 1275 978
5 7475 6485 5480 989 2620
17 7928 7864 5890 3475 7152 6222 6484 6810 3731 6905 880 7483 958 8076 9389 2030 4719
15 7956 3147 8274 9109 4409 4997 9833 1249 4853 8479 2034 5389 171 8567 5950
16 7965 3918 7347 2216 5539 4749 8169 6593 1896 6134 9607 7262 5259 1751 1011 3820
24 8175 8932 7927 8285 3414 3435 1189 8667 9082 285 196 3328 4033 7626 7790 3763 186 1463 9293 1234 1268 8859 8777 4095
11 8292 3249 6756 7572 7464 9923 2546 9440 1179 7003 5886
15 8310 7687 368 448 4029 9447 7675 2388 1462 8871 8017 2914 5977 9674 6124
20 8640 4984 200 4107 6438 348 1494 4879 1282 4209 6642 6692 7363 8906 2340 9978 3452 9663 207 8558
12 8773 9405 3973 5732 1175 3240 7947 3896 5462 1383 5072 8569
22 9313 1384 3989 6128 8768 5628 5437 7503 9526 2846 6839 6824 991 4569 9571 261 8068 4681 2871 3312 1156 913
23 9393 9090 4910 802 5783 9127 64 1455 5064 6808 4087 6678 3392 928 6629 5733 4444 6590 3577 6666 5492 4680 7450
19 9707 3276 530 780 6446 617 4119 1595 799 5534 8793 4625 2452 357 3212 2803 8969 1149 641
7 9913 2297 5612 8554 2064 7239 9849
13 2465 1170 5006 306 9492 3153 4422 1943 9911 3854 2610 7718 4614
19 9976 5615 277 3602 3325 2473 403 3648 1048 1584 4772 5919 4672 9428 5320 5645 4771 5832 6935
25 4379 2424 608 2537 3047 7479 2240 3646 3394 3710 5163 5154 9139 3625 9683 205 8250 6483 4076 7541 2672 7023 4296 446 2307
17 3607 1637 9320 7870 5678 2653 9062 7778 5451 1679 7525 2599 3292 3494 1034 3078 7773
20 5497 658 4255 5626 6615 5375 2406 659 193 5372 8926 1592 4264 7506 3242 8006 2267 3383 7851 603
23 9847 1492 5369 4088 2352 3190 9265 8800 137 7381 4690 7266 3847 5715 2960 22 7782 7786 850 3563 651 7241 4545
14 8878 5727 457 8464 5107 9678 6679 2343 8288 5062 8460 6187 3455 7917
18 9752 3005 4833 6012 8128 8642 9232 462 4302 5959 1656 1980 5464 3123 3139 6102 6552 2528
19 2735 3409 1002 9705 4858 7682 990 397 7674 9584 6036 2795 4290 2396 7313 185 3662 5987 5726
22 9084 3294 3910 854 2041 4485 7134 8869 6393 8160 2841 8688 7791 3416 2854 1765 449 4181 9883 5414 5884 1403
16 7429 7028 2626 6220 2651 7684 887 7907 6416 1960 9908 5138 4265 1974 8221 8905
22 7657 6404 1142 935 2663 7245 643 8257 1051 3436 4654 9333 9884 2837 453 3962 5421 3195 2378 4500 1760 5454
14 4090 190 7355 8401 2754 4044 7387 3930 5099 8416 3079 7672 6396 9049
23 3442 3236 5089 8823 6523 2585 4636 2969 7794 463 7594 9436 3182 8933 3351 806 2700 4974 1621 6837 1274 9126 5030
20 5693 3540 6804 1186 4940 4880 5713 6902 8450 1392 4394 670 6622 7529 6891 6204 5195 1329 6568 1713
21 672 1784 9316 4404 8042 5815 3122 6163 1433 8182 8108 8841 3404 7507 9848 9862 4333 451 3804 3440 9243
18 6822 6745 7314 5686 97 8186 2355 1649 6777 8928 9245 1819 5640 9697 3283 2010 8392 5078
10 4494 1512 9627 6069 2000 2696 8719 7105 3803 9520
17 549 2233 1363 7874 6076 4986 2652 8827 4117 4314 4675 5270 9758 6861 4190 2087 5979
23 9619 9935 4196 2305 3270 4786 3393 2395 1930 9319 5208 3925 9397 1031 1154 8817 6829 8619 9608 3125 6624 1404 6702
20 1305 2166 8574 5816 6703 8379 7808 1620 1716 402 9968 3767 4235 6167 4763 3980 8286 9323 7670 7623
13 9563 7114 9602 6475 8034 6272 1443 8968 7592 8080 4518 6226 6934
14 6263 7612 2642 5712 5662 8403 7118 9641 2174 3173 133 4718 2715 4471
17 5192 7108 8328 951 982 1762 9948 53 2921 3498 2801 7620 6363 5811 6249 6869 2853
19 3055 8557 7406 6430 4101 6133 7941 2110 2898 9167 6963 3501 9110 8074 6774 2310 9507 1131 562
24 1097 2738 1121 956 5503 141 5576 2108 2648 3765 5519 3574 9114 6983 3009 8025 4135 9092 7071 3004 7258 5397 5912 4005
16 4601 9649 4661 8133 3051 4639 1436 2477 4594 2248 6591 9767 7166 855 3244 8215
16 9003 789 4624 5957 378 2482 3418 5702 1589 310 7142 5429 386 1786 441 3158
25 2247 8458 3334 4703 9116 1294 4384 3657 6067 3496 3308 4840 9023 4698 1761 1145 3841 4902 803 745 1214 1270 3206 3063 8964
19 2015 7156 9282 5994 8575 9033 8324 8516 1964 2796 3127 1071 4416 2583 7839 1990 6154 3956 270
21 4742 8484 5954 9575 9477 4913 3669 396 5076 9106 8826 3645 639 4906 863 9453 1382 4530 3719 653 7625
13 700 1609 7546 6413 8995 7548 7643 2115 7078 9192 4685 3201 4646
22 423 817 245 9104 9819 7162 6013 3901 3469 4787 5909 4204 4964 1857 9894 1704 6142 6027 7571 110 9365 54
11 8518 1605 206 3375 7494 4990 4872 9028 1855 1277 1507
23 1273 1323 8832 5663 3807 7732 1738 8631 3986 3561 6203 2694 6820 283 7125 7939 5722 4754 2974 6144 781 9308 7472
15 8731 3197 6669 3605 4587 9262 120 425 5941 1922 2370 3661 4442 8048 4817
21 6689 8290 481 3199 7628 9068 7933 8984 4046 355 6680 6298 4191 4809 8242 7853 6528 6555 132 4671 9088
9 8890 2111 6951 977 8879 3098 1643 6775 3931
10 9514 9402 5996 6186 9182 5982 7216 9700 7842 8046
22 2720 6150 9965 8146 4953 4555 9458 8018 5619 7654 2444 4843 618 4992 1668 4430 1450 5151 2282 2367 416 3504
12 7861 8024 9813 2056 2181 1676 2797 9346 1096 5247 26 9739
21 3090 1438 2681 9353 2787 2171 7558 5160 3421 3799 1199 6397 5611 8749 5420 5577 7388 5595 7295 2650 3626
15 713 7287 6410 9947 2077 2852 9044 8780 1117 8746 9998 7132 4567 7720 4501
22 6277 3257 3368 5212 9712 1232 8101 1660 2315 9881 7231 8009 4801 9706 8415 6604 3152 3707 1726 5202 6214 8230
14 5934 8711 209 2057 895 8353 8909 8851 1069 788 9826 5233 149 7753
20 6901 7993 9469 7085 1222 7665 2377 8062 2467 5386 9574 2151 6734 7570 5384 7497 5796 5570 3497 5707
9 6815 6135 6200 1399 7492 2689 1859 2609 8345
24 7070 7198 1524 6550 9738 8951 7633 2270 8801 819 1774 8916 4279 5704 7510 4903 7292 9275 3935 8354 9076 7126 7589 2658
7 4679 9406 3779 5347 5650 1355 8303
10 5445 5991 7921 5621 611 595 3465 163 3277 8196
11 1105 5917 2401 3614 7034 8151 7604 7822 8126 6444 4783
20 2883 5387 9255 2112 3502 3468 560 6659 8316 6800 852 2526 924 5872 433 8656 6996 7653 229 8330
13 3817 3579 5983 2896 9872 2131 6374 9222 9074 316 257 4898 632
15 9305 1113 3362 5182 5593 8165 4798 8164 9073 9324 8195 6830 6539 2494 6828
14 4059 3651 4794 9254 2999 5050 252 872 1790 7908 5670 6728 6436 1140
22 1138 8302 442 7554 6966 1352 1109 458 5567 7749 6548 4533 8528 515 684 2721 8680 3801 5936 5873 9404 2252
11 5324 3358 278 9269 5352 9756 9900 3624 538 3589 495
21 1867 4583 3092 4733 8155 4021 444 1480 7830 7267 4266 5473 1411 8067 3473 7798 3352 7584 4015 393 3048
15 4758 8736 8573 6567 4493 9429 5279 2330 8664 280 1061 4994 8986 6509 5035
15 311 7891 2455 6021 7403 6643 1583 40 1197 6443 4272 6542 4000 9350 7175
16 6381 9864 6208 6634 6538 2119 2386 6325 7573 8494 4343 5197 2703 6948 8526 3737
21 2917 1406 493 417 6526 1349 9195 2415 6218 4406 7341 3772 575 1914 7588 2428 8822 3074 6759 1347 1157
10 6706 7948 8224 3554 2409 5596 2035 3749 7288 9005
12 7957 5808 7638 6058 208 3760 9211 2095 4559 7806 4688 2308
17 769 3596 3396 9757 1667 9273 629 4347 9089 1264 202 6085 8291 1783 5681 4252 5969
18 519 5213 8786 2031 8795 3169 4300 3829 7370 8111 5527 3948 8935 9877 1654 5463 954 7509
16 5717 7889 8462 3193 8831 8785 3524 2702 9844 1188 3592 6146 7788 4165 7371 8972
25 4071 4387 6307 9549 3112 7448 9731 3429 2184 862 2882 2808 5417 3251 7286 5502 4730 8390 2242 9605 7480 8634 8751 3350 7559
16 606 7020 1995 6645 330 5241 4331 1779 9950 215 9754 4651 4582 8344 4632 9914
24 8708 9347 1869 57 9681 7912 5405 934 6925 1539 2439 7610 151 7007 1516 5916 42 7283 2336 6651 3019 2258 6170 231
6 3549 3311 2147 2573 5125 8638
13 7499 7398 7379 119 6173 5766 9186 5910 281 5768 3500 1682 1680
17 1776 3826 5295 7737 8187 85 81 5031 9837 5708 6105 4330 7091 3027 7332 4382 5478
11 3307 8262 3354 9804 3119 8876 6971 23 9701 4722 7809
23 8477 739 3947 2132 761 9134 826 2292 4532 8072 8063 5523 6625 3065 4852 5904 2768 3511 1848 3419 3109 1895 995
16 6663 1803 3317 4050 4065 6089 2753 2558 7817 5725 793 1337 5625 4 4936 1452
15 5235 4781 6192 9680 7994 2831 5382 7812 1752 4921 3135 5804 339 5061 3824
22 5300 5858 697 6710 313 2771 4355 7515 5879 2910 5094 3145 9247 1501 4407 3979 1933 6055 9387 192 5774 6768
15 9409 1372 9012 8637 8071 6270 9964 3258 6386 6211 2631 8299 5068 9786 8267
11 8950 1773 4109 5566 3539 7096 3981 2693 1822 2175 7820
23 3167 3640 8902 9769 8368 7534 9836 147 716 4892 8007 754 2785 2109 4746 7016 539 1025 291 1205 6354 1091 4041
17 563 2942 5214 6848 2600 3338 9234 6344 7264 9592 2621 1731 9193 5419 5850 7238 4425
23 9679 8425 2118 7226 6119 4709 4792 4623 7080 3271 9934 7148 9879 9348 537 3796 6556 8360 4152 8828 2569 1936 7053
12 768 8158 9806 8085 4704 6380 3859 5764 516 2052 9368 492
20 5860 5491 1564 1628 4806 6967 2362 7048 3466 15 8883 5794 2596 3483 733 7195 3178 7995 1706 1410
19 8758 2992 3068 1500 1835 9546 993 715 1008 9328 412 4899 9029 517 8153 3376 8522 6351 3771
10 8670 3575 4708 4202 8110 1152 7697 4564 5293 7024
22 6916 3990 5771 2497 4205 6762 1862 9288 4937 4282 4539 3077 8431 5958 703 7552 8633 9732 5893 3023 7089 3084
9 9888 4693 9845 210 2060 5724 7309 8486 4796
7 6807 7325 1959 5141 9527 9604 3507
21 2316 4208 4630 4705 6729 6336 2640 377 9370 4111 2089 8646 3877 8673 3748 8632 5000 2152 858 750 6278
18 2061 7180 3510 3585 753 8742 6172 4834 4924 2366 10 4523 2647 5785 8270 7673 4177 8908
27 5086 3148 5636 7567 1465 2732 5116 2525 2568 5256 9219 8767 7009 5391 5308 473 1286 3438 4597 4322 6510 1673 7056 466 36 3880 971
16 4058 6123 2198 9251 4096 292 2602 8687 9053 7659 7251 2400 5956 5705 1375 8012
14 4618 7320 2074 4558 9130 9737 5553 62 9885 8743 9358 4620 8898 973
21 7929 6329 9559 3921 3433 2919 7988 7301 8864 4824 2383 6292 2341 2038 4351 9091 985 5215 8839 4103 573
16 7561 2641 6296 3445 6398 8882 9763 9516 8533 3509 2863 5767 8654 9616 6260 3087
17 7401 2536 1010 7312 2140 2613 2360 8686 1067 536 9582 8307 4413 9148 738 3337 1829
10 2384 4529 9385 1242 9949 3290 5033 9827 9351 8738
11 4855 1860 2657 950 3370 9981 8970 7037 5323 3450 9287
28 273 1630 7648 5888 2323 3949 1864 1458 9980 2557 9240 9778 2501 6873 8993 7999 173 8359 4694 2485 7500 1678 3417 9063 5609 4133 630 6693
7 6831 9463 5748 2167 2997 2591 2373
26 9325 109 4421 4016 146 7636 6716 5792 7415 7414 2479 7630 5262 3222 9554 4429 9630 2632 9748 6906 4514 3144 1971 3357 7943 1426
13 3444 7129 5540 8088 6034 8132 6195 791 9667 3070 1772 5597 6400
11 5769 1013 3188 1550 7211 6313 2173 4965 2541 1934 8253
18 9140 4428 9011 7097 2952 7535 4477 3974 4159 7904 8200 6726 6184 8264 8015 2728 3344 8921
17 4948 5743 5711 7068 9299 8273 8576 4828 6179 5286 6866 3282 6368 6318 3214 6545 3223
12 8703 7329 1208 1252 3701 8665 9962 584 2630 9221 5232 5561
19 117 5948 3129 9562 3789 7477 1081 8956 833 7542 2228 5133 518 5444 5357 2522 9961 5118 8365
15 7913 211 1177 3938 3893 3215 2496 9822 30 8491 3449 1953 8863 556 5111
20 6695 2079 7248 1503 6985 7019 3904 1257 408 7926 2037 5582 6353 6668 9780 4354 3001 7517 1385 1540
23 7040 5237 7372 290 4481 708 5962 6121 3314 8193 8814 1747 7650 1834 4947 3266 3161 968 9204 3769 2638 504 6487
13 3855 9473 2495 9925 9135 1886 3227 5526 9624 6696 5117 3613 7969
13 3371 726 1970 4003 2799 3958 5400 7014 4449 2086 1310 1756 1626
17 8329 6849 7975 35 6357 8167 4006 6243 6050 3372 5039 9568 188 1824 9865 8907 8925
23 9675 2538 4848 9289 1647 2434 7555 4776 1330 2179 4499 8650 9722 4591 9988 3072 9547 1770 1171 7706 9509 1659 5555
16 6198 8020 730 1777 1913 8176 674 883 3157 6515 3186 7183 3335 3448 6314 5399
17 9449 9920 1955 2382 4035 8030 9539 1302 9268 9208 7841 9302 7538 9212 2354 9591 3730
13 4307 699 5554 3795 6825 7916 3746 9652 8033 7392 2758 7189 7302
21 375 6658 2782 8868 4914 9158 3952 636 7501 6345 8807 1782 8927 6682 6733 1229 2995 609 2666 2427 6890
20 1040 9052 3821 2036 354 4017 5426 2809 9623 8148 1041 2068 6282 5053 3300 8729 3780 1894 336 6586
21 222 9985 2566 4657 7922 6871 6279 7316 1504 3231 9015 1842 946 9163 7130 6823 5326 2794 1089 8710 4488
22 1005 5358 150 497 9341 1565 4696 5835 544 9724 320 1042 3470 6262 5810 5925 4621 3960 2091 5392 5549 5961
16 9550 7113 720 2139 7531 127 3532 7805 7339 7754 912 5536 8141 6289 142 452
22 3555 4260 2539 8991 2937 4123 1721 5995 7361 2622 3454 5583 9043 2420 3045 4110 7331 9946 3481 3848 7161 5775
11 1135 8209 2690 640 2059 421 5760 2964 5364 7723 8802
9 3578 6579 8440 2338 9457 767 6310 5550 6610
18 5424 7230 3786 2856 1529 6677 8300 5093 5074 4917 3846 4055 1029 8468 9423 5490 1092 6870
16 4894 9852 7631 8614 9065 6280 4756 7613 7924 5329 5155 866 9793 7832 7032 5840
28 920 6199 9543 98 922 5409 3770 3133 3790 8562 8225 67 7394 6116 3487 970 1357 214 9828 9506 6947 3955 2763 7514 7144 6792 8124 2659
15 9799 1024 3403 4973 8194 5124 876 9566 6909 4072 1012 7147 4578 6675 8712
23 2559 4706 128 6474 8955 4593 115 6367 4866 6120 7763 2935 8705 9292 456 510 2611 600 2911 6037 6553 8409 3733
20 6541 4885 9636 1580 9419 5660 6946 4105 2402 1203 3295 9194 6827 5139 4890 1253 2789 9653 1007 1744
19 961 8055 6765 4666 5291 4607 2675 2867 1193 5250 3269 6953 8692 8917 2947 1854 1289 3111 4755
15 372 3608 6450 3191 5656 1727 9170 3155 2342 6683 7755 5385 7978 9431 5416
17 7952 4546 9078 5602 2180 9242 9070 4969 4293 9143 7164 1123 3999 4489 6940 4878 8730
8 3654 7210 4299 9951 7386 5170 1259 7918
7 24 2714 5307 3915 4887 3099 7566
13 2869 3758 5425 6749 8173 896 1985 9478 8239 857 5041 7605 7972
23 8962 4414 8198 9654 8530 2304 4356 7081 8312 4074 8534 6974 5083 6970 9102 3913 6776 3837 6126 8734 6465 4926 9525
25 4637 9452 3541 7172 1557 853 9156 2220 4767 1603 8551 4038 5023 1534 7707 293 3489 6205 2398 3397 5178 3519 4427 8658 247
25 4150 9128 248 7683 6305 1239 374 6197 2206 8446 5486 6138 7220 7237 1345 1551 3828 3756 6964 8467 8732 264 7518 4757 3899
22 6115 8459 8309 9625 1693 7856 8272 7103 3751 7857 8721 6290 9444 9816 3808 9456 480 6224 1400 1764 1258 4129
13 3988 7471 2718 8419 5496 5088 899 9248 3031 8755 4251 1622 2210
12 5885 6884 1267 9483 5428 6346 6082 8014 6301 592 4186 8280
14 541 6110 9030 9613 6023 3117 553 9912 7474 5635 9230 4893 5004 4941
19 4143 2357 409 4782 832 9276 4497 7143 6041 9420 7296 3534 2644 5734 7308 4454 9318 8722 2890
16 6228 5875 364 5892 3879 907 9357 542 7727 4856 8741 2437 1488 7974 220 2625
21 622 7704 1054 8856 9180 4713 1415 5632 1045 7940 7647 5167 889 2778 9480 7582 7354 8317 344 75 4022
18 1833 6740 332 4410 1106 1369 7762 4944 9376 350 9519 134 8607 4097 6847 3523 6227 7281
22 6961 7512 8207 6563 9118 7135 930 4989 2989 1431 6806 2729 9593 9083 6486 1566 6543 5128 9024 6878 7992 1076
15 29 2123 6202 6316 1910 646 1160 5009 2065 8830 1844 129 3010 4631 9312
21 1664 5113 9869 2934 9171 6989 2075 7971 6056 9160 2021 8821 2155 8544 276 3674 5349 2965 3151 9253 3889
22 55 3208 5025 8766 5495 9645 3793 2515 1531 1598 612 4002 8590 5537 6897 9258 4915 5589 3485 9032 9115 5493
24 9523 6493 4815 3022 2464 8555 105 9388 1417 3570 2 9784 4388 4093 7101 6137 4640 6928 8347 7930 4531 7845 4751 8053
18 9216 1651 4867 1508 7232 5366 8694 9612 7075 5965 6619 6231 3235 9369 1696 6079 4341 6918
14 9283 1874 482 8348 8035 5913 8812 7715 5608 6140 9797 4316 4982 2269
24 4842 627 3603 1723 4585 9475 7456 5915 1891 6793 5210 1876 9205 6602 2990 3927 1574 6867 6174 9017 3385 1927 7426 3617
16 2576 4959 4717 6399 4652 9392 5045 3228 3844 1616 8661 2844 9146 3514 2772 8744
18 4346 9996 5205 4250 5187 5853 5914 7562 1979 5188 5305 8268 2390 1047 9939 4420 2617 7
17 1888 1593 5887 7323 7246 6896 3839 4528 2048 7998 8064 7560 3150 8473 3336 5339 1730
19 734 7553 5377 4629 4659 1346 4888 7532 112 9810 8161 8531 8031 1832 3832 1187 8327 2858 6330
22 3149 7116 8784 3058 5601 6639 4724 2680 5998 6898 3474 3163 126 1989 4217 2255 960 5972 8050 6791 6499 5788
8 7119 2838 6879 174 559 6999 4378 8013
26 4214 6457 2780 3966 3038 9842 5803 7984 2760 7920 501 4777 9941 8903 1068 4259 5552 801 6469 981 8248 1321 2331 5325 1987 2671
14 7862 6558 4836 7662 8920 3659 2667 3909 6106 3597 4823 4993 3630 2554
19 157 1984 5535 7690 6402 4605 1246 9026 3085 3432 9155 2137 1128 1926 7385 1906 1056 1083 5449
15 2986 902 4507 5668 5371 7276 178 508 3558 1389 6445 2443 2197 6490 9522
22 297 9137 41 9702 9538 8118 6672 1309 4939 5201 2042 3267 9150 9213 6042 2461 9244 3389 9699 8070 2002 9417
19 1978 2788 825 5240 9751 7342 4274 4397 890 6921 4263 4219 335 9113 9745 4715 2908 1623 5412
22 3103 8376 6003 511 2178 1263 8990 8610 1799 2359 5317 7871 7021 1988 4600 1801 213 2555 5022 8322 4142 4193
23 5341 8586 4665 9634 6601 5043 2128 5070 7843 7407 9800 7587 7757 7298 5908 2347 3982 8427 4579 6577 631 4215 664
22 2912 8848 9805 6818 3663 8973 9809 6882 8229 9229 2670 9085 3907 4770 8593 7892 6530 3878 4513 1238 7828 7688
14 3281 3951 3991 6352 5091 1331 5951 2054 7606 255 4075 4067 1035 9069
25 5716 3138 1218 782 100 6251 1062 4584 2023 5289 4125 7077 5172 9658 9867 7030 9704 2991 941 5905 347 9637 8106 8714 9599
21 957 8435 8346 6842 1046 1613 1098 7829 9482 1981 6235 7440 3 1471 6540 1918 6790 4102 6432 2022 3890
21 6724 4511 4502 856 9610 7041 5193 8028 6674 3606 7627 5729 6758 5346 5784 1125 3681 9437 9589 5190 3954
16 445 2006 5282 4020 7208 5866 6359 2107 6566 1470 3924 3714 714 6326 5565 6517
21 3693 6747 8040 3114 8421 6618 1768 7903 2374 8760 2498 6743 2580 6171 4229 414 7328 2894 4448 5828 3286
21 2020 8739 5541 267 4024 3940 2543 8214 6379 9694 624 399 28 2553 356 6731 5805 9966 3809 6524 2170
25 8395 5990 4154 6856 6652 3784 5087 9817 2397 275 4121 8212 282 405 4549 4789 6129 8525 4946 4837 6993 6732 4402 1694 4778
17 2008 2748 5507 830 3054 3124 1325 249 1104 4104 7149 543 678 4138 7725 7168 44
18 8406 2026 3017 8219 607 3970 8245 3798 865 5134 1255 2051 6926 2478 7454 8946 7997 3224
25 5598 8021 3426 483 6927 704 7729 3735 2393 7712 1840 216 4365 916 6858 972 9080 2903 2004 4572 7031 5177 6760 1478 5179
15 3030 2436 8382 3783 4139 8412 2505 9228 9992 6437 3216 6165 8281 6609 2939
23 3471 2899 7637 4405 6969 46 9101 1297 7931 2468 779 7259 2850 4985 2756 7505 875 2739 8082 7244 7358 5745 4277
20 7141 2512 4080 3566 7438 921 3531 2972 5380 613 1911 681 5180 3179 4519 1026 2027 5119 5010 3456
9 8102 4537 7249 9735 376 2385 5603 5903 4023
21 8840 864 4761 9071 6886 4213 369 6769 2025 2874 3547 8289 153 1818 184 5568 7121 1254 4239 3346 3378
19 585 5359 1804 846 8236 9564 379 979 8023 7900 7065 6375 6581 6471 7351 6714 8689 7063 6090
17 268 3196 3381 6000 7663 1181 546 118 5105 1924 8911 9542 9162 9086 471 7590 8443
11 4495 6877 9874 2212 4318 7411 5966 4775 3874 8125 7909
14 1353 6735 1221 172 241 3775 578 7453 8051 8904 16 1882 5877 8778
20 5406 8699 8351 665 2981 4063 7693 4247 987 9433 8745 7551 3213 5529 1850 940 787 4118 8202 2953
19 8342 5818 8157 2261 4450 494 5847 1872 8244 2016 2309 5801 3635 5986 2433 5741 6315 1615 5275
14 5649 5034 8835 6984 5092 871 9975 2906 7872 2534 9783 8641 5157 4732
12 7640 1090 6255 656 5453 6570 9151 5441 3039 2691 4978 868
17 1528 842 6536 7444 6722 2859 8493 1606 4524 1368 1946 2945 9142 2204 262 2257 8036
19 583 2791 3866 3594 8609 4366 9505 6907 6910 7194 2552 478 1413 4547 5580 5754 5280 9201 4192
10 2941 7575 8254 596 1851 7256 9907 4294 2191 2851
13 8204 6752 6327 9795 3057 5837 3785 8266 52 8901 4329 8321 1956
20 3025 8104 9744 3666 6638 2745 3685 8038 1561 8502 6059 5166 1499 1416 5475 9218 7345 743 6230 7038
15 1735 4437 9890 7337 8445 772 7457 9496 7334 2272 4317 9843 6365 8971 4393
13 5304 5572 7373 5719 4544 4070 6283 7656 5610 6157 9541 5002 4846
2 4829 2736
21 741 7104 502 5477 8937 6247 4130 6426 5709 7383 1291 7848 7090 909 77 3142 9371 6691 9791 4116 2746
10 5381 1192 9944 9093 5135 3102 7350 5630 3356 859
15 9979 9685 5017 8653 8546 9897 1211 6268 6238 2550 4692 4459 1901 3076 124
11 8559 9246 9631 1873 4645 5169 4327 9377 5664 731 5438
10 6321 2582 5974 1792 7785 7642 4236 759 4747 6339
15 3743 400 7430 6425 9037 300 353 8953 2907 6864 235 3593 8470 5032 2887
19 9581 945 5285 9657 6261 2930 1942 8505 3862 7222 582 9534 9671 1402 5184 3016 9422 4521 5975
16 1269 1734 3830 3885 992 1553 2275 7197 1532 2645 1695 165 6495 1572 983 3526
13 6039 365 6125 7277 2741 8116 3165 5564 3792 5312 7192 2358 1207
13 8520 4648 212 6903 6048 1441 2288 1391 2985 2933 78 6612 3545
26 3457 5393 1527 3840 4615 6132 691 4871 2958 3007 5692 9421 9462 9709 9152 1266 4222 9363 4619 4668 7652 3355 9279 8781 2249 1878
23 8728 9974 4349 6742 4372 9972 867 4895 5907 9474 2931 1753 2793 9880 467 771 2186 2003 1036 3301 1360 1153 8163
20 4687 7451 8588 2967 7092 5952 7761 286 5700 384 7689 6240 6234 3226 5432 3660 6175 2454 7979 2318
10 3564 9544 2649 6503 9497 4027 3505 3115 3517 1293
19 580 6924 565 5620 2927 7811 9249 5019 3211 3075 8627 7178 5104 6773 8676 3684 616 6632 1288
21 6649 5744 6265 1111 9100 9165 9952 8413 8103 9322 3556 3776 6415 9337 8524 3744 450 3926 5505 925 7681
5 61 7846 3263 8192 9824
20 4788 8323 428 7934 1884 5082 8243 2121 4068 5532 7006 5140 6712 4168 6846 3628 654 9895 5331 479
25 5161 3384 1313 4376 572 7263 8263 6297 5101 6987 4358 9490 1702 8601 8439 3406 1072 9835 5271 6347 1086 1397 3407 6723 2902
20 6456 3160 4980 3565 9832 1537 9019 8645 9611 8550 8077 4486 6047 6083 7734 964 5789 4568 5618 4865
19 8179 8566 7465 6771 986 4099 1168 3146 550 4167 6821 9407 2765 9278 7897 8129 7137 7593 7760
18 6952 5112 1276 1386 1845 2126 1937 4163 8237 6571 4515 3550 3377 4535 2684 3508 1719 6960
8 7877 2426 47 9557 233 1736 6225 3086
10 7799 1973 5562 3680 5422 7777 189 1638 3959 6505
20 489 2106 4863 1272 7253 8597 6237 5967 8952 2901 5268 5042 5780 4392 3568 7377 5203 6661 2202 8497
22 9207 315 6836 8093 475 4930 1523 6850 2246 4642 3963 5999 8545 8616 6122 2777 5052 2413 288 9048 4506 7519
15 8184 4223 3462 1963 1245 2160 9132 4433 4773 9659 2185 6176 2294 7976 3412
10 8420 8449 4673 3972 2660 2394 8998 9056 304 914
20 8675 1635 3557 8747 7840 8806 2924 9031 7508 6699 1800 2345 1525 8437 1821 8387 752 5084 3884 1244
23 6424 7357 1223 1755 6647 9889 9655 847 3851 9298 7823 4060 7062 2861 2364 8010 1749 7814 2701 1661 2069 6022 526
13 5245 7082 326 9524 2551 380 4617 6333 7122 70 7781 3359 2816
17 6160 7346 435 1248 7209 2984 96 5452 4634 8511 4340 5786 1116 8442 6086 9119 2029
7 7468 5487 8405 1 4862 9639 2563
21 1866 2928 2904 5158 823 1453 4415 8644 9859 6883 1424 9779 6578 1075 9943 7646 1618 6145 3642 784 6084
27 3692 5654 6711 5756 6584 1745 5100 9077 1271 7987 3121 7935 3316 5600 5689 6874 2062 9902 3738 9435 3353 4556 3983 3581 2987 1575 4729
9 8578 3029 8410 9512 5849 6274 5298 2842 4301
9 9121 3459 1640 4030 6705 952 454 5373 9716
13 1993 3170 5920 7380 1381 9647 525 1016 4114 576 3447 9661 5524
11 3239 5510 3512 1729 5751 8190 6544 2612 3595 5587 5512
15 9901 9768 8448 9743 5799 5838 4588 4491 7145 2769 8114 1073 9239 3503 5110
13 7911 9851 3490 4613 8854 4966 8996 5514 7493 5301 6519 3428 5226
18 9411 5332 8037 6340 5933 7730 9928 6932 8603 2104 7336 8383 614 9798 9181 9664 5108 4795
17 1563 3104 5516 8940 1365 2857 3261 4452 5481 2607 3716 5379 8275 2943 9597 7844 4271
21 4882 328 5757 7884 102 9684 843 1912 6885 9141 3463 6888 8872 9917 5243 663 742 9821 6564 9295 5059
22 5902 166 6245 507 1496 2209 5679 9264 8620 6451 1688 5005 4440 8961 407 5396 3379 1183 6151 1333 6419 8269
20 7229 1689 7666 9579 6648 4326 6081 1220 3905 3750 5559 7462 1732 2532 4464 8810 1890 424 7304 4922
18 4066 5060 9830 6764 3493 7816 175 3621 1348 65 6201 7701 9225 1217 8343 3709 3246 6390
16 6965 6851 7255 9871 6182 5695 8220 8407 76 8788 6468 4487 5249 8107 5257 4900
24 610 1852 8338 1201 5267 8094 4089 485 1944 9838 6857 338 8693 3141 9072 2017 2299 9682 5183 8362 2757 9518 7396 4325
9 7318 4352 2973 9954 9960 7315 7221 8540 7708
24 2429 9191 6420 2245 7847 9364 6657 3843 4689 6641 2737 2561 6939 4136 4232 4335 7177 3391 2560 9688 5812 1614 5142 143
15 6633 8629 9045 6293 4854 7278 7445 2948 3225 4550 5026 5284 8197 1446 7201
11 2278 5856 9286 4602 5674 2404 2053 8500 4476 1905 1136
18 2774 8073 168 7787 2781 4344 6630 7873 2264 1428 8963 1155 1814 7127 2237 8704 2820 8648
12 9020 9459 839 2182 3322 6589 7138 8980 1395 136 8166 3413
8 2418 3634 1904 3906 4403 3434 6104 8942
20 9291 8792 7446 2639 92 6213 7513 7569 4784 7490 2319 3221 37 4845 4881 5943 6697 4759 4240 9726
18 9626 5746 5090 4411 4007 2817 244 2407 929 319 5278 8880 434 9470 4745 8623 3059 5542
26 9187 271 1200 4115 671 9035 4195 5465 1831 5901 3992 4043 6799 6513 3052 3101 6975 1538 3033 3916 8045 5759 4598 3192 8276 4908
24 8509 2784 7574 2235 415 1968 7066 6582 342 3845 9508 918 1513 279 1065 5418 7099 3814 7486 6032 3998 9332 7756 7181
7 4586 5721 9927 3026 8523 2909 5175
18 4644 9595 9144 6498 5263 1250 4045 5824 8339 5196 6880 8004 17 3567 139 6464 2158 6626
17 2327 2963 6473 9464 3732 2578 1725 2412 3997 9001 1317 7300 8341 619 7095 2097 9034
23 4098 3329 7086 3842 6101 8595 5861 5356 9789 4667 1771 9103 3689 2762 9185 7260 6707 5984 9708 2283 5946 8255 6355
8 7227 2915 9105 9759 1487 1846 7898 8669
9 6694 3202 8536 2825 8308 3305 395 4473 2090
17 219 9691 4875 7668 3082 9742 5844 7764 9226 4734 3443 894 5929 232 512 7233 7025
10 2176 2422 1260 6454 2654 1425 1570 1748 7368 7855
19 1815 9087 3073 9511 2751 2954 6737 7271 1692 2281 3700 2535 9583 581 2545 7752 8966 5363 4178
21 3008 1100 8434 4141 5228 3513 4398 1710 6562 2241 2375 3894 4443 9366 2956 7521 4419 8417 8084 20 3427
19 5222 2520 5829 4869 908 4034 1412 4206 7366 4628 7384 7750 3573 6816 5862 1690 2567 4262 9515
21 8271 8426 8915 6392 5036 9394 461 9896 4496 2829 93 774 740 4198 1519 72 4025 5980 570 7029 7157
24 9670 8713 533 5511 5433 3345 5260 4031 3425 2082 8547 5472 6908 3968 1314 4166 7461 4461 8845 5826 1898 6992 1439 1374
22 2944 1625 4720 8791 7759 2802 6587 230 8659 9790 8997 3339 8177 5313 8049 6798 4565 5867 1361 5319 8561 8611
22 6361 9306 9633 266 8504 9381 2790 5684 6319 6223 4626 1320 7254 8725 2824 9863 8060 6525 2149 2679 9413 764
11 3321 5728 135 8772 8002 2044 2884 4638 8815 3134 242
12 3647 9403 8930 2570 5642 1631 9812 9741 4456 6779 9384 8199
20 8564 7319 7102 9002 5069 2673 7169 6757 897 2141 6708 6730 2805 2244 8599 4810 3180 1919 2579 2163
12 7716 6068 4920 3319 3768 3759 2290 2192 8097 5063 9967 5407
13 113 3067 9815 1601 7692 9466 1700 524 9441 9038 6064 1307 6527
16 6913 8774 9628 2916 2207 7043 7150 1785 6915 4086 4562 6281 534 4517 5607 5333
12 6607 6377 8992 2389 3818 9858 388 6717 4701 4160 7402 361
19 3168 5500 6360 9345 8112 3530 6188 5001 1393 9000 2713 3753 4988 732 1806 3299 5558 7549 6143
17 2313 5698 975 4520 3366 8293 4441 3234 7167 1461 7980 1283 6617 6014 8753 2493 8232
12 1724 4170 9487 476 3194 9177 2966 9644 5122 7615 3484 1950
15 5402 3849 718 5054 8615 91 8782 1299 2346 9157 679 9331 8336 9488 1662
24 6900 3424 9926 1685 645 2661 514 4857 2548 8134 83 2504 4825 239 686 9237 260 5763 1881 727 8846 1703 2929 2488
17 2507 7677 6547 4028 6512 7282 5014 6156 9720 7389 680 692 8748 6862 9183 5309 3088
16 5343 8277 2399 9042 6216 8938 6476 9054 8099 586 4608 2614 1781 6459 4912 2445
20 3667 8979 2783 1949 9209 3482 8506 4884 272 8799 7004 999 6620 1236 5484 6854 7983 5159 571 6010
17 554 8715 5120 7434 3232 3181 8617 8798 1176 7949 7865 9418 9231 1262 7591 9531 4923
19 7088 3891 1518 1460 169 5622 382 7915 3584 1612 6605 1037 5992 7094 547 8829 7973 2226 6371
22 8587 4455 4686 506 9138 1746 254 7498 4062 2417 9785 7651 6763 4092 1342 8513 3013 331 2127 5918 5144 9203
17 6418 499 9075 4938 9410 7425 74 5696 4211 3996 3610 8140 1296 7800 9097 888 3871
20 9698 2742 6942 3616 6078 159 5809 4249 7609 6389 9321 1741 1767 9460 8756 8565 9755 3670 2019 418
20 8698 2293 7580 8989 6814 2665 1475 3230 938 2229 2636 6049 5191 2994 2749 8234 8162 8461 6500 8677
19 6780 3572 4048 3398 7191 7595 2045 4353 2633 4470 7796 4991 3241 2325 4963 7400 5930 7771 2862
21 6767 4200 7876 1491 6244 8652 7679 8296 6751 8326 8624 1328 800 5097 5482 7886 528 1925 6233 2750 4577
16 6044 7428 284 2982 5584 1256 5008 2885 9882 947 1897 7645 1027 3387 2334 391
25 4056 7585 3066 9450 8529 7171 8585 8075 9823 9987 3967 6920 2153 1387 6574 9224 4173 8258 7875 363 5599 3658 7011 5461 7617
14 2531 892 1908 7698 6537 8761 2810 1376 8026 6684 8974 3887 195 3950
20 3410 1674 4153 3116 422 6597 7274 4800 3811 4085 2078 1870 90 6863 4710 2950 9590 7107 2405 5573
14 5881 1251 655 9164 7284 8228 4819 5655 9687 3761 9006 4896 1120 9489
16 1879 5710 6409 7442 6026 1023 1459 2875 6949 6976 6302 401 5923 3480 8201 4399
16 8086 2523 7236 3936 2892 7330 3247 3895 777 3285 4009 4660 2719 5687 6667 8594
10 8189 8967 4482 2333 9956 2011 1820 4916 6221 7133
19 2828 8447 3833 9620 1281 1311 3203 352 5394 8988 5864 1590 5694 5102 5459 9714 3198 5020 757
20 1794 1530 5699 5303 6024 6893 2556 5021 6868 3722 8428 5171 6038 7046 9727 8381 4438 605 1174 5588
11 7849 1778 2717 5156 2033 7868 9932 3694 21 1720 8304
13 394 2143 1655 164 8298 1509 6491 2156 1875 7120 7502 3340 8563
22 6269 6786 9640 4137 633 39 2260 1004 2234 9022 1130 5340 5651 6043 1058 1567 2685 7413 8592 4216 1526 9178
10 6843 1489 199 9314 7110 3797 1476 7624 6423 836
24 5027 4084 1830 2686 66 8804 3867 9632 1568 4566 6713 6312 6982 6833 3686 694 7767 7966 9309 9807 5115 3094 4972 9922
11 7709 3024 7602 8681 3721 3205 1110 4677 1159 5470 3856
25 7188 6155 6718 2635 3993 6407 8485 6248 1541 6181 5411 683 4942 5981 2431 8127 6006 3331 3521 2215 3091 7378 2120 5797 1808
17 1332 3976 4246 849 9202 8695 8560 8510 8662 698 1967 1921 2159 4979 6583 160 7185
13 4475 9412 9586 4957 6580 2706 9963 5782 8444 2835 490 8571 6600
13 7064 2335 498 5351 8188 4664 2314 6746 8843 4821 2332 2710 1555
24 8213 7117 4207 7193 8367 6422 649 8945 7422 816 6378 9270 527 8591 8284 7353 5220 4144 8436 2655 9501 8455 9206 4108
11 6912 3176 4807 4981 3636 2076 821 9553 2766 426 8553
24 8787 9495 2605 1863 1079 5457 4227 7770 1466 4221 8334 4128 4970 3813 6655 5168 6117 7012 2980 5736 5989 7526 2968 7349
16 3697 5466 419 7710 7882 7010 4838 8297 6838 7866 5353 238 333 8865 2499 6623
10 4536 6304 4225 3220 657 1817 6460 8218 1624 5456
19 6656 6004 9696 3615 2217 3729 886 3946 7418 1373 2154 4073 2344 3399 9958 7721 6229 3132 6690
