25 7957 2536 6307 2440 7434 6261 4034 9101 8984 9496 5099 2281 5909 4898 3736 7703 4146 4298 6193 7044 4901 9993 4790 8375 6626
24 519 1860 1995 6128 8989 4318 8273 5457 2107 6134 7384 3606 9205 4135 9801 5570 3911 5447 9567 2326 1972 3858 8113 1446
21 1776 1630 1869 5686 8682 8609 1189 106 1117 2057 6059 2024 8166 7353 7076 9400 5181 9455 6964 5927 1018
26 6663 9463 3947 2537 3616 6927 3775 5400 5465 698 9767 1516 4000 2678 4081 3954 6954 3604 7803 5922 6693 5817 4451 6585 5597 4545
19 9679 109 7379 7113 7857 3846 9358 7788 9686 3801 5997 351 6358 259 926 424 4750 8069 8925
17 5860 7129 5295 7787 761 3636 4607 9900 3429 30 7900 2125 3748 5849 4517 4736 4501
25 8758 1908 172 9018 8421 8882 7746 7513 8864 2402 3186 4979 2644 539 6299 7738 4341 4110 3226 3600 5469 5926 7863 9765 1322
25 6916 1013 3354 9769 1491 4450 5550 6106 9607 5083 7024 6552 8107 7706 7868 6671 237 8751 4774 2594 9120 7751 5876 9304 7953
16 9888 4428 3317 9705 2982 6024 1169 5809 4301 6015 3780 8897 4057 5471 8301 1410
16 2316 5743 6192 780 1797 6580 2406 847 2796 2319 7972 8332 5390 3313 2658 7681
27 2061 7329 697 3602 9450 6638 6399 1595 8801 3432 4486 9292 6574 7016 6014 7541 124 4655 3852 891 8479 6074 5130 12 1958 5373 7992
28 5086 5948 9012 5626 6446 992 9842 709 5899 8664 5256 6571 714 6396 1770 2351 6091 4917 1196 9728 9094 4284 8321 4408 1043 9198 4844 548
17 4058 2079 4109 5732 2999 1324 1023 2533 8230 1991 8089 3871 3390 2819 9281 6494 5149
16 4618 5237 5214 935 9180 1537 2969 6179 365 8793 5763 1828 2371 7306 2071 2709
26 7929 9473 8902 951 4656 2781 921 3901 193 3862 808 2621 2561 1145 9331 9233 1409 9076 1172 8924 3488 6986 9960 7568 7772 4191
27 7401 726 2118 7874 7698 4645 8595 2260 5070 2272 6036 1420 8590 2990 5956 9363 3481 6303 9310 6084 3835 2391 6700 7880 8070 4678 9887
25 4855 6849 9806 4404 3270 2059 3784 9731 2558 5879 1639 5670 4843 1834 243 6755 4573 6109 3268 1549 5399 341 1983 4320 630
15 273 2538 1564 3614 7071 8496 7767 2266 2689 4337 7985 3093 3892 3857 247
25 3444 8020 3068 6012 4291 5228 1181 9952 4653 2630 7620 6581 9335 9181 7932 1816 9973 8066 6731 7307 3576 8508 6080 7601 9759
19 8703 9920 7631 6475 7628 5584 9889 7134 8018 4594 8109 6157 2844 3979 7802 703 2295 7655 2408
28 117 699 5771 2056 611 7209 2673 546 2035 9238 5208 6730 4906 4647 8314 5696 1361 3217 4598 6797 6017 5560 8707 7052 5533 5470 9126 4726
25 7913 3325 7816 4834 3157 7407 3127 4711 4851 5587 8049 6008 3331 8336 5906 5930 7979 7126 6761 6291 383 9215 566 4374 3440
28 6695 6658 8224 6634 8795 8367 9364 4552 1309 52 9474 9593 6858 7735 5349 9621 1270 7644 4313 2704 8223 6631 5591 6434 9311 6079 6500 1153
24 7040 9052 9845 2856 2570 6048 7856 7315 377 4824 7842 2978 322 2215 3519 5223 804 3872 1938 4697 635 7002 4716 9488
28 3855 9985 8464 2651 6026 8671 8228 4756 3974 1799 9694 3285 1396 122 4190 6205 9275 1373 5270 5736 3166 4083 5806 2598 9494 9644 9398 2103
22 3371 5358 4630 2425 7442 4372 3169 2314 3155 6056 3135 5981 9978 1502 4936 4603 4005 9451 3185 7533 3289 587
10 9675 4260 3510 3199 1627 6480 8485 1376 9915 8921
26 6198 7230 5636 5712 8059 9832 2613 990 7301 2842 3278 1590 5167 3397 6131 2988 9855 7304 8255 7827 8626 9260 8130 1064 1892 2308
11 9449 211 2288 8572 8320 1966 6917 3286 5571 3931 2862
15 4307 9852 2074 2212 3809 345 2822 4226 4752 1327 9545 4013 8210 626 9069
26 375 6199 1959 164 7840 871 2108 5915 7592 6345 4566 8547 4899 8917 8143 28 4684 6001 2655 4448 4022 2491 5596 8363 4971 1615
24 1040 8209 9559 956 1 671 4913 3657 9623 2645 8516 8811 9630 5367 2500 9211 3118 8269 1849 3637 6212 392 2691 3223
15 222 1024 1010 8823 3116 4070 7519 8919 8183 637 7991 2456 8884 5063 4473
16 1005 4706 6296 9109 2178 6719 1864 286 76 6406 7879 4420 5318 5631 7795 5524
19 9550 2654 1475 1282 319 3070 6824 8749 1132 1011 2283 3096 3094 1759 2564 2593 962 3458 1558
26 3555 4885 2657 6430 1365 4256 6331 2565 4314 2332 527 3447 5274 8473 8623 5795 8315 504 7390 5932 7395 1095 7151 1472 3359 7617
13 1135 2913 9786 2183 1036 2001 5338 5544 4134 4723 7896 6405 3755
9 3578 5679 8819 366 7298 1140 1087 3588 6505
25 5424 8055 7648 8133 7710 6814 5043 8324 105 6161 5188 7823 4688 1042 7551 5796 2980 8679 6520 3627 2914 9711 8701 638 1730
14 4894 3608 6387 220 2496 7244 3934 526 4434 1149 6207 8612 2618 4846
24 920 4546 5748 5663 2442 5799 5124 636 6696 8108 3052 8779 213 9327 5132 7336 6095 5454 8894 440 2683 5312 8490 242
24 9799 2714 4421 3375 1684 102 3970 5803 7837 2054 6562 3534 5810 5851 6145 1103 9841 6796 9808 4269 4785 535 998 7917
14 2559 3758 5540 3921 1175 4007 8951 2652 4623 6319 9880 7800 735 9723
16 961 4414 3188 4703 9164 2927 4555 9481 2966 3496 5073 9671 2947 8842 5383 7632
9 372 9452 1208 174 4157 3838 5293 1378 6400
30 7952 9128 3129 5957 4137 1845 4063 8220 8953 4787 4167 4357 4692 9988 9727 1291 9835 1033 2699 6632 8558 4943 1242 4391 4161 111 296 7166 8755 5842
16 3654 693 359 4166 1971 750 8389 4563 131 9454 5855 9577 3110 9638 5244 3153
26 24 7210 1177 7337 5453 3215 2386 1098 5001 5630 9800 7462 5139 3078 3738 8697 1673 2018 2891 5013 1808 3441 9196 9146 4982 7997
28 2869 8459 7248 7085 3036 92 494 1458 6178 1748 6519 918 4746 2348 227 6938 5987 6050 7225 3084 8100 5242 1669 9797 8232 8218 6295 5493
23 8962 7471 7372 6186 1430 5437 516 215 202 9085 4489 356 3484 4925 8135 7023 6760 4416 265 438 2656 5900 6104
25 4637 6884 730 9353 6739 475 4541 5713 4724 4206 4866 1584 5306 4365 8656 8513 8335 6860 1243 3515 7885 5753 9317 3723 5916
25 4150 6110 2495 290 7685 6647 9612 408 1411 5068 8584 1711 7258 6577 8455 413 8423 6702 5269 2211 6993 9241 6364 9532 5286
25 6115 2357 1970 5156 6584 8876 64 9357 8413 5289 8027 6146 6102 4461 850 4719 9932 7067 5185 5515 4610 176 443 7899 8048
24 3988 5875 7975 854 9527 1676 2374 4550 5268 26 3567 6754 1696 7238 621 4827 2575 919 8267 7836 3327 6481 7758 2851
25 5885 7704 4848 8146 2686 657 115 7903 7267 1123 6622 8628 7137 6289 6337 5152 8005 2968 7739 792 3095 316 1456 9351 5588
8 541 6740 5425 119 2635 2741 5050 1880
25 4143 7512 1955 9947 5351 6705 1232 403 6283 3798 2025 3308 1591 2244 5778 3682 4333 5772 8032 1280 4769 8717 2300 3825 9417
17 6228 2123 5554 6069 3220 9202 5866 8101 8968 1129 1288 2606 234 6840 5682 5108 3713
24 622 5113 2782 5602 2352 9100 2394 3434 3469 9322 6353 3139 4316 7454 1486 4579 6759 6887 2070 900 8538 9558 3589 4614
23 1833 3208 3821 6550 9341 3124 2706 6121 4211 2104 9302 2175 742 5416 6691 9161 3889 3932 4556 2905 5536 1677 1009
24 6961 6493 2566 6413 1863 422 8806 3099 4498 2040 4470 5537 77 6204 3448 5203 2666 9040 2302 5322 2321 1826 7410 4640
23 29 1651 8440 5347 2787 1281 2979 3203 7048 7872 4263 3213 4429 7461 7897 2097 6497 2342 2379 6302 1350 4295 8119
20 1664 1874 5250 9407 6167 4232 2719 6117 8936 4023 9501 1675 8053 2925 8724 9169 8429 1939 7766 9677
25 55 627 150 7554 1102 7535 2453 1429 342 2835 4378 5172 3141 5862 1289 5196 551 9173 8678 6468 9266 6717 5436 3664 7667
20 9523 4959 720 5212 3026 1245 4123 1521 4031 7794 6683 7148 2859 5689 6763 7753 2860 4306 7981 766
24 9216 9996 2539 8554 7190 3818 9159 3981 5619 2179 3597 6810 1217 6612 676 7032 8522 5365 4534 8295 6941 948 6750 2530
15 9283 1593 3786 5711 1902 7276 120 9822 6596 7865 3574 9783 4093 809 5071
14 4842 7553 9543 9254 6141 6078 4371 3622 6243 2766 1934 3610 6488 8563
26 2576 7116 3403 5182 5012 4854 6971 6188 4800 865 6223 724 274 7743 3234 8121 5468 5542 9726 7054 2114 7202 6273 9977 3959 1080
19 4346 2838 128 6567 7253 5409 843 8296 7488 8807 754 7220 5259 3808 534 3628 9688 8047 6690
24 1888 6457 9636 9620 3879 3477 380 3609 2972 890 2229 6292 2546 2358 2560 3960 7299 4015 3803 5641 2747 7784 3559 7192
19 734 6558 6765 3193 2756 2563 4804 3437 5611 3820 5505 4462 3189 9521 3702 8452 6664 3620 8199
17 3149 1984 9078 6021 8128 3493 6618 8687 281 9141 4125 5340 686 5793 5164 9041 8000
7 7119 902 6450 1186 1465 169 5982
13 4214 9137 5307 7882 3759 649 9228 2760 3925 614 5168 8402 8907
14 7862 1111 8445 5660 2045 3896 4046 402 4317 4052 3012 1923 6479 7820
20 157 2788 8198 417 7174 6222 8244 8289 5919 7970 9016 2743 9391 7349 3942 7673 1290 59 7467 2650
6 2986 8376 3541 5621 3701 7110
16 297 8586 248 6058 7883 3732 6336 1081 6579 7915 8662 9361 126 4067 186 6686
7 1978 8848 8309 2573 5174 8850 8013
9 3103 3951 2718 5867 3298 8808 6919 6342 4795
25 5341 3138 1267 3795 3420 3082 7010 462 5076 1561 2933 4845 2611 217 2688 5633 8349 7518 9426 2878 783 436 7996 1020 1076
17 2912 8435 9385 8079 6034 9576 2355 6737 1785 4367 1848 3250 4162 2608 3480 1510 8217
22 3281 4511 9030 977 1835 2857 9222 8610 777 5041 5532 7718 42 6324 1434 5319 6551 7756 3252 7436 1055 8618
15 5716 2006 409 210 2997 141 4415 4773 3963 6726 2437 8881 1533 5573 8196
13 957 6747 364 687 1691 1484 4967 3971 2287 2411 7641 8154 8684
21 6724 8739 1054 4733 9179 7732 1738 4045 934 4907 9823 3761 3295 1967 5929 2231 2632 5979 8122 9536 480
23 445 5990 332 4658 5751 8094 7066 1338 8444 7149 6920 4569 1538 3881 6075 1216 1680 6715 2794 811 6507 4319 836
8 3693 2748 2690 1252 8071 3224 7391 437
24 2020 2026 6202 9549 3537 2852 3952 6999 8511 320 8415 183 3525 1775 5938 1156 7593 7821 9540 5731 4203 7565 6603 5850
17 8395 8021 9869 9251 1836 8852 2800 4178 9206 4860 1665 8696 5204 6782 3928 8337 1569
18 2008 2436 8207 1580 152 2751 6372 1151 2872 9099 8702 5024 5964 8735 5058 2964 3619 8443
24 8406 2899 5025 9757 3414 8188 1062 425 8229 4221 6240 7626 4259 6061 3961 5522 4748 3312 7954 7888 1847 3665 3690 1035
8 5598 2512 4815 2497 3542 5036 4027 8345
17 3030 4537 4867 2896 4035 2585 6407 7693 2948 1922 822 6914 5508 3724 4803 3528 4732
24 3471 864 4836 9897 4828 5998 9298 7266 9150 1307 1964 7354 6525 2257 2801 3177 8256 4504 4061 4054 8404 9214 9770 8778
23 7141 5359 482 3585 381 5263 5082 178 5792 1944 5247 2153 6785 8359 3061 2668 3552 6477 4242 4049 4951 9131 2139
14 8102 3196 3603 9925 6687 8206 2716 562 1658 6979 7968 327 4348 7700
15 8840 6877 4717 9337 6308 8283 1053 2873 7294 9285 7892 1877 7833 8352 3870
26 585 6735 5377 3842 6438 5433 6893 9234 1412 8075 6674 582 4547 9821 5106 7973 6937 1347 9885 6107 4691 4905 5446 7604 5002 2890
28 268 8699 5205 2031 3112 8615 4344 2072 2407 8502 5527 3339 2837 6617 4902 1535 7923 337 7841 5784 7452 5617 7611 8580 7822 4518 6545 2488
11 4495 5818 5887 5756 9419 66 3513 6081 1912 6190 1136
15 1353 1090 8784 4050 2731 3721 3345 9027 4584 7490 8571 5883 8308 3887 4538
4 5406 5034 6879 7206
10 8342 842 2780 9804 5674 8804 8303 4339 9569 1950
22 5649 2209 2924 6962 7727 2373 3282 6861 7790 8432 6738 9762 2226 6524 2792 7204 8441 3180 898 778 8331 3456
24 7640 2791 5535 6645 9199 3532 5995 3211 9240 6165 1668 3551 7720 5807 8466 8756 4596 4743 4463 3983 2277 1642 2659 7160
17 1528 7575 451 5115 3933 9149 6383 8983 9294 7087 5311 1581 3853 5592 170 3562 7173
11 583 6752 4507 9954 6285 1585 4731 2880 4332 737 9380
23 2941 8104 825 3554 7382 9209 9466 691 7715 4714 7167 1612 2713 8775 732 9470 5870 2282 6555 9904 5281 8019 6890
23 8204 4437 41 9680 9190 645 9177 8617 7984 8401 3231 3443 3340 6873 4382 2413 8234 8975 995 9585 6365 2724 5884
23 3025 5572 6003 1628 8768 633 1436 9652 3782 4121 9366 4280 2965 2895 9587 3504 2629 602 8371 82 8044 465 1089
24 1735 7104 4665 6710 5539 8504 9647 9284 1433 7791 5191 1761 3233 8512 3926 6623 706 9051 1231 8503 5443 3134 5697 3076
15 5304 1192 1744 6508 1881 5410 5749 2554 4197 5874 9396 6257 9906 939 757
18 4829 4449 6769 7368 2414 9395 6086 6432 3034 1404 2624 3388 1093 9834 5253 3032 7441 1254
7 741 2736 6521 8001 5398 7472 6934
27 5381 9685 9805 5566 6575 5287 5045 7829 6925 1461 8646 1031 1154 1340 4276 6490 6667 954 5397 8497 2131 2310 5839 5652 2197 5331 1336
24 9979 9246 3991 4705 2077 8112 3949 5260 5700 9000 3436 3593 3150 2396 877 5687 1610 9615 148 2767 2157 5361 7714 8304
19 8559 400 8346 4558 4245 751 5169 4433 8799 8627 9421 3212 2017 4597 1853 347 903 8474 5886
14 6321 6947 1056 1858 7559 1801 8867 2583 797 1115 4127 4103 9326 2210
18 3743 945 1218 950 4205 5695 3451 294 7516 1861 8976 6083 9774 8855 5478 2055 3346 8648
23 9581 1734 4502 2132 2140 2900 7135 3685 9482 9810 2959 8343 201 7107 96 8914 9662 3309 4814 7074 1427 7146 3613
7 1269 9459 9997 8043 1204 4432 5672
19 6039 2439 3877 8576 8476 7848 4187 503 5677 8633 2262 1279 3002 2219 8888 3781 3500 8517 464
16 8520 4648 5541 35 7208 3194 9232 2412 5127 5459 6534 1278 4267 7943 6350 7093
15 3457 5393 5282 4250 9064 4643 2126 254 6416 5039 692 9716 7352 3013 5059
23 8728 9974 8040 1503 4409 3802 8378 9151 8316 1981 2599 4549 6823 2911 226 5549 9840 756 5896 3284 7783 5606 2750
24 4687 7451 4154 3915 8155 6272 7745 8245 9784 1314 1072 7417 3387 45 5038 9178 7055 9309 8222 8589 8581 5988 263 9661
13 3564 9544 5507 7567 7464 1623 603 191 7859 2836 2337 6 4622
17 580 6924 3017 7444 5103 5989 1478 4230 9168 5413 7215 7537 980 1082 1418 7404 5110
16 6649 5744 3426 5888 4940 1355 3102 6587 7014 350 9583 3406 8360 195 3827 7405
25 61 7846 8382 3445 8035 5279 9478 21 7091 17 4188 6803 500 1990 1007 5961 4616 1419 9427 7964 9793 9369 2609 3595 8818
25 4788 8323 7637 7312 5783 3366 1745 1942 4871 5105 484 5523 1499 3686 288 4514 6720 4480 1362 3745 8411 6461 4506 1088 8625
19 5161 3384 4080 4666 6526 1352 3205 3624 3509 8721 9026 5925 682 1618 7168 4837 1032 5774 835
20 6456 3160 7249 4202 8034 6512 629 2415 8843 1695 6980 7658 1354 1698 8858 2940 796 3975 8957 270
25 8179 8566 4761 3966 3807 1079 4713 369 4113 8494 4394 1842 7798 2876 2868 1807 6427 4934 4519 9690 3945 1961 6559 1643 4961
8 6952 5112 1804 2167 3539 6016 5665 9250
15 7877 2426 3381 7250 8045 5893 8769 5609 8467 4129 6136 7369 1837 6665 3737
12 7799 1973 8481 4443 1065 9194 6811 6225 3517 7919 7053 6834
24 489 2106 9874 1550 3047 7386 7595 3165 7081 1069 9167 6728 4092 6600 3864 8364 6209 4315 401 9387 9811 2227 8527 7201
23 9207 315 8157 4016 5678 6537 8737 244 9516 9849 793 6743 4212 6565 6431 1214 3187 9373 2301 3274 8090 807 3630
10 8184 9763 9525 555 8386 7603 5147 3749 181 8669
12 8420 8449 1221 9289 3760 5138 5545 2677 7182 9472 1507 2090
19 8675 1635 8351 3938 9492 7847 7777 97 7122 5141 4305 6546 2185 8008 4277 1207 8185 8480 3856
28 6424 7357 8835 8991 982 3993 1613 9133 9912 2234 2383 8916 1308 2854 2634 1885 1650 4650 8839 6688 5264 4896 6598 3671 5159 4626 2255 1258
25 5245 9851 6255 2036 330 531 2385 4696 821 9264 4282 6775 2710 4144 1183 2572 5612 5924 429 9622 5431 8091 9259 9827 6351
27 6160 4223 6536 9557 9477 2217 1311 4328 1790 7659 6290 4487 1870 8817 5019 3360 647 4116 8706 5673 5096 221 3787 7409 2238 6509 3048
7 7468 362 6606 3792 432 5790 4241
26 1866 7082 3866 4003 3502 2732 3098 7466 1752 6140 83 9023 916 3674 370 5655 6637 1687 8912 631 3162 7740 2046 1118 78 5010
9 3692 7346 9754 9355 4218 1057 3935 3943 2620
11 8578 7778 2468 8624 5444 2376 2322 3279 557 1038 8002
12 9121 9471 5638 4095 246 8454 8943 8279 685 8947 9967 5407
9 1993 2928 6327 2577 5135 8523 5193 5441 5575
24 3239 5654 9890 9562 5107 4639 9539 459 7143 6181 6462 4912 7646 6174 2334 3956 4671 9599 5580 4310 6569 7459 6439 5333
25 9901 3170 9744 6523 4485 7278 8272 2680 2901 3992 9919 7708 7292 2936 7961 9050 3125 4599 8657 7977 1570 4695 9937 3505 4425
29 7911 5510 502 8614 5187 5642 9546 2527 9566 2568 9724 5519 1681 2218 7237 4368 1920 3483 9730 114 5823 6852 3063 1128 5846 1514 8226 4118 4577
26 9411 9768 7373 2041 5656 1733 2930 3669 799 1424 6712 238 2768 6224 8172 8977 9308 5797 4466 4760 9067 4918 6088 7311 1720 2202
10 1563 4355 6268 1198 2601 8334 581 5217 5607 9360
24 4882 3029 5017 483 2754 5952 7150 1539 7065 6830 7418 253 5336 4738 1917 6781 593 4509 6195 8205 4886 5455 7731 2499
17 5902 5332 7610 386 1253 7969 1596 6229 1462 2588 5822 5935 31 5758 2130 3204 9522
25 7229 5487 9631 1777 8110 6280 9570 5014 4638 897 5635 9397 8010 1485 3001 5643 7473 1694 6217 491 5395 56 7649 3305 2487
15 4066 328 7430 6474 7492 3778 5298 2541 3071 8142 1408 2289 7824 1805 5859
10 6965 3104 5562 7630 1342 5975 6644 1247 6260 914
26 610 166 8254 3840 2409 2776 8597 5579 9641 9268 4085 3121 4264 800 4852 6590 3577 9518 9756 1878 2734 9390 9775 3172 4564 7844
24 7318 1689 5285 98 4101 6244 461 8945 9881 1389 9785 7650 1932 7786 8720 3472 5788 9339 9154 7350 4140 1226 8535 5078
5 2429 5060 3830 4657 4887
18 6633 6851 212 6340 9617 1453 74 2164 7045 1924 501 2438 3145 305 7420 6549 9115 3367
26 2278 1852 1527 2338 6305 1349 643 4117 7414 5768 3356 1075 859 3395 2010 3506 3998 573 4288 5972 1202 927 2998 2839 556 9404
19 2774 4352 2330 5534 65 5804 1772 6539 7124 5035 1894 9529 8723 9953 4994 4813 9484 3111 3643
25 9020 9191 9944 497 2551 5622 2270 5608 4358 6970 7351 5852 8427 4370 5 9098 1028 5048 7297 9499 5057 1306 675 2294 6022
2 2418 1546
18 9291 8629 4349 511 1913 5241 930 4130 4278 9553 576 4985 2148 1965 2871 8392 5327 820
17 9626 5856 6125 1201 2323 1762 6484 2264 6839 5092 134 9080 2433 1851 5346 3733 9910
16 9187 8073 3833 4493 7344 4776 4677 3173 4840 4947 801 974 5590 5680 1162 4321
15 8509 8792 2881 9511 9116 9138 8667 1709 3847 8591 3824 8865 5265 1559 5586
25 4586 5746 8588 6818 9819 348 2797 1943 5567 7680 8431 663 7285 7661 5288 7254 3089 8985 3728 1366 648 2193 3741 5821 2188
13 4644 3468 1246 5197 7251 6250 2100 1614 5449 9990 1343 2508 4271
24 2327 271 2649 6703 6023 6251 967 5959 5210 2341 3902 4878 8361 9748 1457 358 5765 3479 7688 8238 9971 8082 430 3536
17 4098 2784 565 3058 3051 8353 2640 6593 9089 8788 4700 1479 3863 9918 5273 2664 3698
8 7227 2759 8923 5661 8424 8941 710 6870
26 6694 5721 933 6615 6216 4593 2011 8164 485 4302 7898 3661 9278 1926 2834 2524 2158 681 7775 7279 145 9771 1234 7026 5637 1131
18 219 9595 6265 3191 9738 9375 177 7729 6932 2052 8741 6423 4805 9224 7321 3813 5513 7264
8 2176 3246 36 2798 7600 3478 2909 8169
29 1815 2963 3263 4973 2207 7256 9858 4227 7805 523 1197 355 3463 11 278 8270 701 9425 752 179 5740 1127 6435 763 9782 5728 2752 7089 9637
20 3008 3459 428 7683 8575 5422 6270 4400 9132 715 7075 7947 6334 3369 9 1576 321 1705 5266 2746
26 5222 3329 1313 7172 4953 5853 6422 1211 7197 8103 8743 8767 863 6996 9886 1941 1124 5022 5918 3100 4413 9956 1641 770 3256 5084
7 8271 3202 5653 5476 4799 3883 9931
25 9670 9691 4980 640 9712 7912 4503 6832 2393 959 4038 678 4682 6043 6995 5490 9663 6419 2014 6005 2592 2221 2271 888 2224
21 2944 3430 1904 2916 1106 6809 5170 5100 1016 3163 9269 1806 4900 7780 4131 3876 2251 7813 5294 4042 3523
27 6361 9087 7465 2992 5662 1331 4384 6098 9438 7749 4096 1383 4890 2039 8381 2494 2555 3383 7851 7358 522 7540 8195 5202 8083 9323 6768
11 3321 3774 7774 7181 182 410 3533 6093 2922 2983 8594
13 3647 25 7596 8408 9271 289 5833 3113 7001 5458 2845 9329 4783
26 8564 1100 1276 6749 8995 907 2362 5702 8644 1820 6120 2021 2762 3841 6923 9423 9961 7030 4216 2120 8934 1619 9507 6853 8567 2858
12 7716 8231 5085 3192 8056 4753 5563 447 5939 8163 6613 4243
13 113 2520 47 5627 9949 2578 4888 2702 1568 7006 3894 4646 1452
27 6913 8426 4673 8856 4587 2033 6132 8800 3499 1466 6235 2596 1519 5722 7063 3545 3412 291 2647 8765 5831 8398 8877 4779 1974 5363 9891
21 6607 8713 4863 2825 2171 2693 9534 1753 1116 8729 1388 7396 9924 5142 7127 9493 2679 431 3347 7252 1653
10 3168 1625 6836 9654 9681 85 9381 9377 6453 8569
17 2313 9306 3557 2663 7682 9186 446 2353 913 4149 729 5474 9097 5629 4186 2813 4296
22 1724 7319 8410 7934 572 7477 8243 4699 6367 2907 2931 4992 8969 6801 2469 9528 9280 6070 6676 5230 5504 731
22 5402 3067 3462 9625 2952 4171 8190 7503 5709 2359 8565 5257 5111 2510 7487 6011 308 7905 1301 1579 8178 3259
24 6900 8774 4299 5240 5593 2343 9038 7750 4033 4075 3473 4454 9506 7388 3662 9791 8393 8949 3041 6944 7424 1951 9176 6869
15 2507 6377 8394 5079 8132 9057 6007 1403 4759 2138 2286 5280 5415 3021 8046
18 5343 5500 435 5779 3038 8642 7425 3930 7234 3997 1603 7809 4728 9714 6242 4725 2117 1662
10 3667 5698 1223 8419 9182 1587 9035 2675 1872 1159
17 554 2915 326 4782 7034 1319 4527 8712 1506 5037 7744 1074 5494 7586 9673 1150 2824
24 7088 4170 2904 4410 7494 4986 1746 7274 2989 5380 9444 1854 8845 574 2727 9794 7348 299 3681 3652 5647 7881 2134 6330
12 8587 3849 6711 9483 2182 6300 1969 1141 8374 1318 8710 3985
22 6418 3424 5920 3906 4615 704 5374 249 5559 4825 1882 2269 5321 8124 6701 1812 6844 7183 7112 707 5953 8528
14 9698 7677 3512 9042 7785 6247 40 8638 857 7866 7440 9083 3980 9515
14 8698 8277 5516 7662 39 6610 3837 60 3140 5551 4778 8396 6931 6127
21 6780 8979 8448 266 6398 8259 9265 4327 5160 3946 4784 1470 9056 4073 5233 4359 3283 4039 5985 4929 2853
23 6767 8715 1640 5668 6538 9761 9604 5914 6363 4903 3142 6560 2331 9066 8514 4859 4261 3641 1488 8980 4350 4338 495
14 6044 3891 5757 6316 1222 4595 2954 7176 624 1387 5484 9318 9170 8727
25 4056 2422 3490 9613 8298 7933 8062 979 2557 1071 6262 545 4423 851 8233 4240 3243 7485 7484 2145 1195 6052 2540 4251 6371
16 2531 4455 6245 3453 1215 6589 1459 816 4235 7635 3000 8886 915 1285 8683 5254
12 3410 499 7483 1229 6709 63 8117 2811 1542 4908 2628 2669
29 5881 2742 9830 2934 2181 660 7041 4300 1859 2885 5372 7525 8212 4988 1649 8068 7419 3659 496 2317 2347 411 5787 8910 8 1454 7978 7241 4729
24 1879 2293 7666 1508 9872 9710 1250 9964 230 412 8470 9955 173 6149 4831 7408 4751 9007 3626 7606 7035 6981 9560 3507
12 8086 3572 7255 6842 7152 8761 969 1051 6680 5364 276 2430
28 8189 4200 8338 5892 5650 292 2817 9458 7103 4293 6905 3075 2375 7645 5097 8246 4631 4176 9059 9982 3306 1927 8908 3003 188 3719 1092 1091
14 2828 7428 2973 8766 6966 772 514 4347 1067 7719 3535 8862 142 452
23 1794 7585 9286 8348 7534 2220 4939 2935 3201 6042 9629 1068 727 9578 1039 5276 5489 349 7154 2200 4281 4662 7950
13 7849 892 6420 5158 2653 2753 1455 1710 2846 5901 1946 9225 1000
24 394 1674 9045 1723 1667 5690 1721 9980 280 4343 8105 8291 5249 6105 7265 7725 8531 8305 3272 5581 2329 1701 7161 3771
24 6269 1251 7446 3114 9171 5628 1494 9505 1048 3851 9328 4821 4777 8437 5320 2378 2514 3890 8251 7303 6073 406 3631 3711
28 6843 5710 5090 7323 8187 9923 3364 1985 6344 7508 8562 7142 6495 3568 8281 760 2149 7670 7033 5328 5897 2827 5011 2623 1152 1901 3804 4193
24 5027 2523 7086 9951 7994 1553 7187 833 384 7966 7322 4222 9342 8287 3658 664 5644 5845 9747 4531 794 3586 1624 2029
25 7709 6068 168 7690 2600 7203 9846 8263 1299 9838 4718 8649 7781 4919 8863 7839 9389 2476 6472 2136 3676 7069 7111 2030 971
7 7188 8967 6349 6158 6819 2848 1948
27 1332 8447 5829 830 8368 6196 8030 4119 508 137 8960 2390 257 2522 6126 3344 3769 4488 9502 8515 4780 2458 9656 831 9616 1249 5555
15 4475 1530 1200 9634 6119 6133 2543 5514 8237 8963 5442 3251 8750 5577 180
18 7064 1778 9462 1743 3912 8060 5966 8651 9047 3206 5791 7283 2161 5735 6973 679 1931 7986
24 8213 2143 7574 4629 5426 9701 7654 2037 6926 1402 6629 1953 5396 3376 8905 4385 4763 4998 7008 2253 7281 3543 3984 1682
14 6912 2515 4159 6389 4582 8993 7944 1094 8732 205 653 6929 7878 218
5 8787 6786 9927 5891 3897
25 3697 1489 6473 5054 2981 4532 3854 8007 9722 6682 5350 1672 1856 3670 8365 9088 7170 7705 5439 9781 4927 8372 9736 7976 4923
17 4536 4084 2112 7692 1565 3623 6197 1061 5272 2521 2259 662 7906 840 2410 5538 1277
12 6656 3024 4875 856 9037 1441 1182 4588 3297 3705 1300 1293
10 1227 6155 3073 6352 4065 3905 2042 5786 512 9868
15 7293 3976 8915 4020 3789 7901 3530 2548 6866 7178 8693 4335 855 4001 8730
8 2324 9412 8434 267 2660 2049 9476 2363
12 5971 2335 533 1601 4481 1886 7043 5844 1589 4892 7627 4941
26 6662 7117 4720 3783 4914 8176 5701 9440 1391 9911 8125 4916 670 4440 9658 5747 4051 4427 9443 9942 1059 5224 6147 4446 2389 6010
24 1447 3176 9633 3566 4764 8151 7456 4969 5684 6921 7004 37 4217 8141 9510 8221 4771 4954 426 7589 5836 3797 5604 8895
13 3333 9495 9628 8219 313 7282 4398 3133 9632 5907 4642 1317 1555
14 1194 8803 7193 529 7019 1110 4775 550 5133 7506 6151 3255 6060 2038
24 2296 5466 7102 8681 4659 3958 3482 2395 6882 4068 5314 7326 8242 4578 470 9119 6395 5707 7218 6594 1544 9614 8123 6226
13 9733 6304 9815 6498 8955 4786 3770 4441 138 1787 9998 4942 4469
18 6529 6004 9487 782 4806 1686 9742 6491 5033 544 862 9968 255 1914 7217 5080 2177 6063
22 1883 9401 6360 9071 5344 4944 7221 3476 3547 5976 2062 3010 6928 3018 1498 8356 1021 5044 9123 5931 5857 976
7 7455 6239 6409 5303 1647 1146 2265
16 7711 513 975 6856 3433 7387 9248 4236 1960 2498 6578 4810 3158 9582 8777 1545
15 8965 9231 184 2739 1763 3996 3348 7776 1144 1952 2196 7496 7393 8147 1120
17 6794 661 839 9795 753 5375 6956 374 8486 9073 6301 6974 4460 3982 4754 4835 7482
17 9820 6168 718 6000 6825 5382 7334 9015 1037 8561 932 2165 1663 5047 2773 7460 8887
14 3049 5517 9926 846 9130 4017 5553 389 7951 4904 8552 8870 4124 3275
18 3708 6085 8544 5216 6020 738 8181 3634 5126 9343 9036 5773 7946 3422 302 8622 1001 2509
16 7140 2711 2399 3594 6101 7811 584 8598 3277 8539 4874 3700 1375 2489 1766 7621
8 8227 712 7801 1084 2312 9635 6191 8700
14 3655 7224 6942 3666 3370 4862 3793 7515 7724 4634 8416 2034 695 4471
9 7186 6159 2783 4869 7922 9127 2240 3230 3207
25 4877 2230 1518 9657 7211 6009 4089 1896 1504 8904 776 5512 5877 2646 7852 9201 4755 8677 1070 5246 2976 8487 5388 3656 5950
24 3546 9503 7876 5477 146 5724 4477 6460 1791 1907 9270 3300 7273 6561 1432 5488 62 3350 3143 2550 5718 2457 3064 3503
17 3245 1697 5699 665 6173 8116 826 8560 147 6909 9441 6821 7394 279 2956 2950 7025
24 2589 4635 3066 9512 1496 6274 2525 1193 1598 2513 6619 4060 5292 6442 6948 8161 9531 2028 5053 3720 3868 1586 1359 7590
15 7810 4467 3292 7106 5326 9788 673 8759 2450 8849 360 4606 9227 8054 5456
13 8029 7804 7910 7242 9338 2946 2843 3718 7789 5225 8543 8738 8012
12 9046 9274 4686 3615 4024 952 1302 2065 5211 3341 7713 8499
13 19 8892 5120 656 5371 7736 5056 9257 251 2032 4145 8131 3569
20 6654 873 5417 2443 1125 9348 2256 8436 3365 3834 5946 9197 5928 5252 8174 5737 4883 8654 5547 2627
21 6189 2975 7580 6984 9497 7558 6850 8063 3 9384 4712 8753 9093 5153 9857 7478 427 3184 3836 298 6170
19 1414 6741 4048 4128 2431 6543 5430 9356 860 5207 5251 9773 1809 1052 8641 1210 343 2597 5726
14 8783 6053 4153 5719 2799 552 2661 1109 3867 4496 8253 6795 1134 2318
16 3527 8548 284 1634 7284 1706 8114 8891 5077 9850 6433 910 6458 2770 6221 7133
24 6502 6455 655 2261 6357 6643 2320 454 4981 6880 5032 4950 5827 5518 5081 7491 4676 6401 7530 3762 9646 5232 1003 3927
21 9166 3601 7236 1873 9457 3117 3261 2121 538 9247 1783 3266 8258 9865 207 8409 4766 4392 4172 9461 1562
14 2603 8978 1655 3885 4704 46 1583 2866 229 6845 8137 2203 7825 8022
8 4873 9666 1260 5234 5091 1722 3618 7855
17 6139 874 2717 7924 9321 594 9293 5863 7517 4192 1426 5812 3014 8327 9753 4158 7371
9 8489 1421 8088 5889 1865 4911 5944 2818 1212
18 5227 6875 9640 596 1529 4932 917 2022 5671 5776 390 4383 6959 8265 7131 9860 2276 7175
24 1838 3461 199 6903 9135 300 2075 9992 8830 1513 4915 7486 1451 9839 3695 4707 68 6411 7214 9552 1898 6595 3994 3526
20 8149 3865 1830 3680 908 8160 8661 9152 985 5339 2232 6553 4253 143 3633 1295 1312 5798 5376 4891
28 8630 7768 1986 4613 5291 8665 3785 542 7422 2086 395 9778 1337 2213 6655 7177 8442 2545 1370 6791 5936 1703 8685 4995 8152 455 132 784
25 567 4112 7602 8653 8854 2482 9394 2790 8533 3271 4651 7529 4993 7853 3707 6219 9605 5706 8457 5297 323 9787 6118 805 3132
23 696 8203 9105 4115 9065 9972 4636 8072 194 7125 4876 4026 4847 9437 4581 9125 4721 2529 9568 6950 669 3903 7918
23 477 3773 4207 2235 354 4366 7169 4105 6386 8988 9994 8140 6281 6129 6935 6899 1334 9223 108 2152 7011 616 361
24 7435 4233 6547 6076 1725 3909 1891 4012 6187 7939 449 116 6812 7295 2069 38 5613 4174 5003 7831 4479 4553 8171 3730
18 5218 7792 6718 6425 6985 7684 4386 785 6723 4431 9861 9210 5973 758 5666 9172 2169 4922
24 1228 5189 419 6742 6729 646 2044 3524 5526 1930 6684 8650 6513 6142 6802 7652 5277 8340 7359 5316 4308 3688 722 2953
22 666 6582 8901 2 1980 3115 6799 239 7734 4468 9312 7031 651 8333 1173 7938 901 5659 8607 4 6113 5176
22 1407 4575 4246 2967 8194 775 7679 1431 5379 9939 5258 9653 8771 7185 7157 644 7083 1813 9371 9878 590 1646
25 6485 5049 3200 9524 3663 1487 3393 8956 509 7392 3328 2614 3573 4770 7520 3805 6949 1360 8577 7338 1303 5368 4286 5302 4122
22 7864 8370 8536 7668 7438 444 5764 8760 2078 1814 5520 748 1678 3164 3363 8752 755 5895 7524 7356 7115 9719
18 3147 6297 5301 8534 5694 4620 1727 7974 5614 8469 7623 9999 2806 8939 5408 7375 3617 1425
23 3918 965 318 208 9537 5838 4195 7873 3790 8918 4669 8031 1371 420 1925 5820 5691 7300 49 1077 579 6650 1976
20 8932 7779 6452 1832 72 8873 1171 3590 3355 5392 3558 4668 4808 6627 5923 1230 472 9334 1006 925
8 3249 6164 9586 3936 8663 1868 4189 3288
25 7687 4935 498 2000 2919 6597 9054 8491 7231 5411 9779 232 510 1824 3878 9969 505 3668 3937 2249 3322 9336 18 8126 5144
16 4984 6206 6338 3022 1693 9134 156 4353 310 9746 7577 7748 6465 8120 144 2163
25 1384 4194 4807 7884 161 4958 674 2867 1692 9319 7296 8177 6540 3214 2590 2672 9096 6144 4991 6335 6573 4079 3591 2595 336
24 9090 2957 4225 3740 4990 7068 8051 7120 9155 8692 6692 4152 2763 3019 8658 4551 5667 1731 2421 4522 6533 9938 295 8201
20 3276 9267 9696 6503 4139 7239 9624 9219 338 7819 9533 6429 3419 6506 8483 6489 2067 4474 9555 240
22 2297 7940 4457 5061 7101 4258 4336 8757 9032 3581 5145 2725 2460 5435 5623 7702 790 5854 325 6748 136 7288
14 1170 9556 7243 7277 6652 617 4605 8694 6426 3372 6857 3977 5992 9824
16 9405 3291 3999 7538 4237 9828 2712 8215 2050 5151 6153 5296 6210 20 8556 6111
17 5615 2511 3632 4396 8173 2368 4528 101 9340 421 8647 8078 2243 9776 6997 3969 7
24 2424 4184 3105 5620 2937 4099 2505 2477 2958 1638 1911 8268 3222 149 1316 2454 9551 6355 9203 6421 3819 1287 6258 5072
16 1637 1030 2605 4376 922 2473 7762 118 7080 1774 3039 9542 9162 4100 7003 9530
25 658 1588 1240 4028 1910 3190 3290 6237 5452 8603 5708 93 3494 7505 1786 815 7233 1126 9465 1482 7073 9909 9721 7189 623
12 1492 4164 3083 1729 832 8191 8695 9019 9519 5460 8433 1107
12 5727 5480 1582 7717 3035 3405 1573 4160 9970 2273 7566 3950
24 3005 5890 3411 1792 2180 4709 5021 10 5004 256 4970 3413 6314 4362 9672 140 1398 7869 5362 2847 1841 8690 4091 3431
19 3409 7347 3027 2943 7608 9017 3059 2932 2002 8180 6440 650 4041 8380 7057 6241 3386 8280 9005
19 3294 8274 1206 8815 9043 3011 6975 5729 973 3081 5828 4580 1180 9717 8674 4133 9766 2208 8744
15 7028 7927 6922 4141 1381 4492 8762 488 7834 7138 9589 1962 5720 3880 6444
26 6404 6756 135 4405 7364 1443 9408 7316 4019 779 2526 5023 2861 3913 2567 2214 110 418 1575 7955 3914 791 8391 8482 6087 7771
18 190 368 5284 414 841 4234 4526 4201 7858 7625 7963 6275 4702 2361 937 1473 7017 5646
30 3236 200 9382 8093 8530 4749 2160 6946 1716 6838 893 8136 6375 5389 6326 7260 6332 8362 2757 478 5119 5414 33 7423 5685 8313 9095 4701 6230 3941
15 3540 3989 5777 8192 4465 7437 5065 2833 1148 9650 4311 8087 2544 7049 6828
26 1784 4910 3717 3565 1557 7479 4331 7629 1008 536 9368 8460 5529 1796 9244 4036 2336 2676 6254 2705 1793 5669 3304 8519 3244 8900
6 6745 3338 8996 3750 2151 6527
16 1512 530 9297 6771 5495 1369 5951 659 9837 5462 4654 543 4138 8319 6185 5438
24 2233 5006 439 1963 2464 7636 3122 7562 5323 3673 6699 8705 1034 1163 3788 4612 373 1607 6535 6032 6322 9700 9517 5840
25 9935 277 4920 1386 9118 8037 9561 6659 6393 7998 7796 9941 537 9718 9665 6704 4945 9236 8568 3260 3343 690 1652 2493 2671
17 2166 608 69 1272 7232 9678 8652 23 788 9703 5942 3417 6968 9940 398 3120 868
22 7114 9320 7000 1460 1046 7808 8851 8857 8307 4809 1050 5220 4097 3342 4238 3831 3944 4401 1213 2697 6911 2840
21 7612 4255 7737 5511 4585 4880 2602 5564 5074 5201 4523 4572 3209 4757 5146 3287 5198 7818 8211 4177 8802
17 7108 2110 5610 912 3377 7130 6264 2615 54 3280 8145 6445 9749 2814 7733 7615 479
25 8557 5369 3875 8747 9538 9033 2076 4497 8631 163 9006 5385 4881 2749 9866 6588 9034 721 4672 9692 1903 16 2961 5819 6124
18 2738 4833 3816 1755 8529 7642 4838 1442 4180 2764 6057 4841 9446 9876 4683 3929 9916 1540
11 9649 457 2382 2060 3435 1509 3839 5835 987 4472 492
21 789 9011 6563 7092 2696 9684 4356 9817 852 515 8992 363 8704 1764 1390 9642 7228 4490 1547 5723 1829
21 8458 1002 3722 2805 3152 2991 2772 8944 564 861 2446 3683 746 4399 7374 8168 3522 2280 2019 2586 6227
25 8484 3910 4830 9751 1346 9963 4895 6041 4453 5664 8524 9739 7543 4102 1996 827 1704 1241 5423 9986 6576 3679 1139 3884 3886
26 7156 2626 3050 4602 607 2984 7812 352 6103 6883 6138 1395 8009 619 9958 2267 5118 1754 7989 3995 8602 2113 6246 1602 525 6766
21 1609 1142 615 3972 4652 9981 1143 7291 2701 5873 1157 4183 3486 899 7618 1599 1909 3514 3402 953 8972
14 817 7355 1416 5183 1469 4210 4500 6792 7664 6614 8959 9829 6467 4185
17 1605 5089 7867 6392 5428 2771 6744 9021 6611 8611 9875 6770 2307 5811 8606 9117 44
10 1323 6804 3544 4520 9732 3649 5403 7980 2625 8994
4 3197 9316 3739 2591
22 8290 2147 7226 5503 9410 5557 7361 6800 9300 5305 1876 304 6339 6130 8438 6267 7240 3467 7199 2855 3978 2448
9 9402 9627 4482 895 8306 6441 4987 9796 1929
21 6150 2198 9575 2333 986 6896 9263 8827 8339 3556 3267 6116 9239 1164 6385 2459 5199 7332 7431 597 9359
16 8024 7314 8637 9743 5601 9068 4798 886 8214 8620 8492 1956 6384 6789 3850 2816
26 1438 1363 7572 7380 9273 5962 9526 929 1199 7132 5308 7018 5558 6469 9086 972 4960 2616 7027 2723 1437 8866 7184 5485 7624 5618
19 7287 4196 4285 6764 100 8742 2404 9655 7275 7712 1012 4893 9114 7807 3072 1382 9295 5215 4818
27 3257 8574 6029 8940 8379 9948 8585 7931 8926 4608 2144 5421 3873 250 7447 2027 6388 2427 2369 7159 9606 2080 7051 9014 3400 7591 1385
20 8711 6910 8540 8074 7402 1450 2996 3446 5525 9966 3023 764 2970 6373 6876 8249 7123 8453 8350 6918
8 7993 9602 4011 8853 7317 2490 6390 3638
22 6135 2642 989 2639 6886 9564 7309 3228 1393 8225 4055 8475 2237 5463 1732 4931 7158 3460 5248 8156 2463 9350
15 7198 7406 7557 3583 6182 9262 3326 8506 3225 3957 4820 6492 6721 5020 4393
11 5991 7671 8240 4968 4976 6881 1137 1887 8582 3380 8036
8 5387 8328 9349 2486 5825 2864 5029 7036
27 9406 1121 4826 8791 6402 9165 2377 1620 3895 3584 3561 2228 4330 9490 6436 6486 6025 6504 8015 6511 5190 5028 7213 9984 4390 2155 1174
23 3579 4661 1994 507 4403 9062 883 5062 4043 7521 9111 94 521 2466 393 3219 3922 7039 469 5150 4962 1439 1374
14 1113 4624 1233 4411 9750 8666 2423 86 3518 1758 391 3812 4955 4978
25 3651 3334 8868 2250 7246 9276 7988 4924 9734 2722 9816 733 2087 2685 4817 8417 4304 6586 5676 8501 4324 7476 4897 6522 8885
10 8302 9282 5955 5917 942 2745 9156 7207 4224 1339
15 3358 6154 6878 7038 9008 1739 7268 6177 6051 6266 759 1261 1019 2755 1244
18 4583 5954 1500 8042 823 1263 7643 4884 3799 7222 680 2532 6176 5360 6175 3060 7367 4604
25 8736 7546 802 9871 9610 7162 993 9975 4397 387 1656 5801 8153 2093 3332 6315 3953 6976 8456 1495 1060 6294 906 8299 1185
12 9864 5815 353 4147 275 4329 3028 5179 4865 9430 7223 7509
15 7891 9144 9252 8821 3684 5802 6487 6046 3265 9936 70 3860 8098 4268 5841
22 1406 245 4064 2245 6601 9242 8909 5782 5163 9508 8748 2994 9651 9755 6309 5509 1380 2098 6035 8722 7937 7302
2 7948 7376
24 5808 206 9485 9002 8236 7245 5238 4989 3044 4772 7904 6776 2254 5448 8805 7105 1520 2962 2865 6323 5977 5848 9573 955
23 3596 8832 2518 6454 4544 1294 6784 5310 4857 2141 4515 9103 1275 2340 2793 8525 5832 5412 8716 258 9024 5865 8740
24 5213 6669 6220 6356 5267 6346 7555 2192 5329 8064 1236 2016 8954 632 5759 7511 1085 2643 4077 6955 2073 2449 6288 2820
25 7889 481 1326 8796 3054 708 4274 3421 7145 4086 1592 4747 9480 333 441 162 1916 5275 3427 8635 5869 8507 6148 4040 3337
22 4387 5996 601 7579 6967 3439 7569 8023 612 9376 3828 814 9591 1821 6108 8797 4126 8138 3712 3218 4156 7058
17 7020 9813 1843 1685 225 4930 4006 5965 1161 1490 8790 1147 828 8770 8847 5543 3087
23 9347 9965 3108 506 6969 7191 9272 1259 4802 7259 3045 3161 3548 9243 7696 4861 8384 9669 3107 3069 231 1822 9448
16 3311 2681 8816 849 559 3315 4244 8871 9987 7147 5342 4641 5334 224 7723 3097
13 7398 6410 5816 2470 9429 7263 7216 7697 2023 15 7909 6152 5175
28 3826 3368 8285 9464 6648 7730 6082 3465 5481 1840 8688 8974 4312 3016 1827 3336 331 5945 192 2638 3240 1954 7983 371 6635 1522 8084 165
9 8262 209 1399 9609 749 8106 8057 4592 8789
23 739 9469 95 8085 7663 4664 189 2910 235 9498 8549 9447 8347 5605 2617 1397 2795 1225 9296 3046 818 9374 2785
21 1803 2184 1368 2694 8833 3053 3796 600 5530 9261 2195 5775 6183 3492 3923 4554 4909 5046 9354 936 2170
23 4781 6200 9735 5830 553 2174 5878 2670 3392 4430 3553 5195 8927 8846 1661 7144 8655 6341 6872 8275 8838 8430 1982
23 5858 1524 3605 3319 376 4326 1644 9288 3466 196 5472 9894 7330 6564 4142 2807 7290 7136 7814 8541 6994 9639 2223
8 1372 3779 306 2502 1823 6271 4292 6675
23 1773 2401 4228 378 7096 6374 2884 8869 9077 6885 7920 4539 2580 8599 4148 5467 7469 1617 4418 8282 3264 8718 532
23 3640 9255 7196 2128 8288 7754 7077 5785 3455 4322 4765 2222 2579 1577 725 7481 1112 8369 2730 9025 4018 3408 1083
12 8425 5983 9922 9668 3080 3378 9818 7335 1718 2441 2897 1740
17 2942 3362 9843 8025 5561 983 3888 3497 5229 3033 3254 5521 3128 9129 8726 7527 5173
25 8158 4794 8521 9345 8937 5837 1768 2898 8691 7949 2309 399 5122 4660 6714 1622 2708 1505 3806 3810 7850 8341 2007 5157 4239
8 5491 442 9104 476 8397 5125 8874 8377
28 3990 3092 7870 3398 8403 91 8970 2292 3314 7726 6253 4248 4533 4590 6778 3237 3353 1017 160 1268 2849 9898 7669 7163 8613 3611 1760 9854
7 4693 8573 1997 6293 1817 5370 2252
7 7325 5531 6311 3687 2926 1304 5501
21 3575 6208 4029 2105 6213 1862 1101 8686 6218 6864 3772 3182 6366 8961 4710 8689 9945 5761 1895 6673 7432
26 4208 493 57 32 3057 7548 1631 7633 4491 1531 2938 5692 5143 8958 8676 2012 340 9399 6278 4812 9676 9290 4424 1846 471 6624
24 7180 6951 4107 8831 7759 7411 5994 3843 1979 3454 2400 1468 8532 4745 668 6787 5231 5030 6448 4516 5978 2172 7100 1574
22 3148 2455 2216 4297 241 896 2665 1168 524 9299 3428 9709 7914 1493 8583 9245 6259 8139 6943 2698 994 1905
23 6123 7638 4088 4957 1884 9158 6359 1297 4561 5556 6298 1606 7360 8461 3642 5940 2392 9660 3715 7219 3335 6518 8971
13 7320 3396 2305 8772 8546 2082 6463 6112 7289 8898 4047 2225 8942
21 6329 8786 448 4938 3232 9836 8373 9436 9929 3598 7908 8733 460 3766 4484 1636 8080 8463 795 8414 58
18 2641 8462 3475 9314 233 2284 1167 2553 3815 7022 3678 3179 2815 1536 4649 5714 3043 4120
